running develop
running egg_info
creating perception.egg-info
writing perception.egg-info/PKG-INFO
writing dependency_links to perception.egg-info/dependency_links.txt
writing entry points to perception.egg-info/entry_points.txt
writing requirements to perception.egg-info/requires.txt
writing top-level names to perception.egg-info/top_level.txt
writing manifest file 'perception.egg-info/SOURCES.txt'
reading manifest file 'perception.egg-info/SOURCES.txt'
writing manifest file 'perception.egg-info/SOURCES.txt'
running build_ext
Creating /home/eypan/ros2_ws/install/perception/lib/python3.10/site-packages/perception.egg-link (link to .)
Installing perception script to /home/eypan/ros2_ws/install/perception/lib/perception

Installed /home/eypan/ros2_ws/build/perception
running install_data
creating /home/eypan/ros2_ws/install/perception/share/ament_index
creating /home/eypan/ros2_ws/install/perception/share/ament_index/resource_index
creating /home/eypan/ros2_ws/install/perception/share/ament_index/resource_index/packages
copying resource/perception -> /home/eypan/ros2_ws/install/perception/share/ament_index/resource_index/packages
copying package.xml -> /home/eypan/ros2_ws/install/perception/share/perception
