[0.403s] Invoking command in '/home/eypan/ros2_ws/build/perception': PYTHONPATH=/home/eypan/ros2_ws/build/perception/prefix_override:/home/eypan/ros2_ws/install/perception/lib/python3.10/site-packages:${PYTHONPATH} /usr/bin/python3 setup.py develop --editable --build-directory /home/eypan/ros2_ws/build/perception/build --no-deps install_data
[0.562s] running develop
[0.651s] running egg_info
[0.651s] creating perception.egg-info
[0.651s] writing perception.egg-info/PKG-INFO
[0.651s] writing dependency_links to perception.egg-info/dependency_links.txt
[0.651s] writing entry points to perception.egg-info/entry_points.txt
[0.651s] writing requirements to perception.egg-info/requires.txt
[0.651s] writing top-level names to perception.egg-info/top_level.txt
[0.651s] writing manifest file 'perception.egg-info/SOURCES.txt'
[0.652s] reading manifest file 'perception.egg-info/SOURCES.txt'
[0.653s] writing manifest file 'perception.egg-info/SOURCES.txt'
[0.653s] running build_ext
[0.653s] Creating /home/eypan/ros2_ws/install/perception/lib/python3.10/site-packages/perception.egg-link (link to .)
[0.654s] Installing perception script to /home/eypan/ros2_ws/install/perception/lib/perception
[0.654s] 
[0.654s] Installed /home/eypan/ros2_ws/build/perception
[0.654s] running install_data
[0.654s] creating /home/eypan/ros2_ws/install/perception/share/ament_index
[0.654s] creating /home/eypan/ros2_ws/install/perception/share/ament_index/resource_index
[0.655s] creating /home/eypan/ros2_ws/install/perception/share/ament_index/resource_index/packages
[0.655s] copying resource/perception -> /home/eypan/ros2_ws/install/perception/share/ament_index/resource_index/packages
[0.655s] copying package.xml -> /home/eypan/ros2_ws/install/perception/share/perception
[0.679s] Invoked command in '/home/eypan/ros2_ws/build/perception' returned '0': PYTHONPATH=/home/eypan/ros2_ws/build/perception/prefix_override:/home/eypan/ros2_ws/install/perception/lib/python3.10/site-packages:${PYTHONPATH} /usr/bin/python3 setup.py develop --editable --build-directory /home/eypan/ros2_ws/build/perception/build --no-deps install_data
