[0.360s] Invoking command in '/home/eypan/ros2_ws/build/custom_interfaces': CMAKE_PREFIX_PATH=${CMAKE_PREFIX_PATH}:/home/eypan/install/tutorial_interfaces:/home/eypan/ros2_ws/install/perception:/home/eypan/ros2_ws/install/brain:/opt/ros/humble /usr/bin/cmake --build /home/eypan/ros2_ws/build/custom_interfaces -- -j8 -l8
[0.410s] [35m[1mConsolidate compiler generated dependencies of target custom_interfaces__rosidl_generator_c[0m
[0.417s] [  3%] Built target custom_interfaces__cpp
[0.419s] [ 12%] Built target custom_interfaces__rosidl_generator_c
[0.427s] [ 12%] Built target ament_cmake_python_copy_custom_interfaces
[0.427s] [35m[1mConsolidate compiler generated dependencies of target custom_interfaces__rosidl_typesupport_cpp[0m
[0.428s] [35m[1mConsolidate compiler generated dependencies of target custom_interfaces__rosidl_typesupport_introspection_cpp[0m
[0.428s] [35m[1mConsolidate compiler generated dependencies of target custom_interfaces__rosidl_typesupport_fastrtps_cpp[0m
[0.430s] [35m[1mConsolidate compiler generated dependencies of target custom_interfaces__rosidl_typesupport_c[0m
[0.431s] [35m[1mConsolidate compiler generated dependencies of target custom_interfaces__rosidl_typesupport_fastrtps_c[0m
[0.431s] [35m[1mConsolidate compiler generated dependencies of target custom_interfaces__rosidl_typesupport_introspection_c[0m
[0.441s] [ 22%] Built target custom_interfaces__rosidl_typesupport_introspection_c
[0.442s] [ 32%] Built target custom_interfaces__rosidl_typesupport_c
[0.445s] [ 41%] Built target custom_interfaces__rosidl_typesupport_fastrtps_c
[0.445s] [ 61%] Built target custom_interfaces__rosidl_typesupport_introspection_cpp
[0.445s] [ 61%] Built target custom_interfaces__rosidl_typesupport_cpp
[0.445s] [ 70%] Built target custom_interfaces__rosidl_typesupport_fastrtps_cpp
[0.462s] [ 70%] Built target custom_interfaces
[0.477s] [ 74%] Built target custom_interfaces__py
[0.485s] [35m[1mConsolidate compiler generated dependencies of target custom_interfaces__rosidl_generator_py[0m
[0.495s] [ 80%] Built target custom_interfaces__rosidl_generator_py
[0.504s] [35m[1mConsolidate compiler generated dependencies of target custom_interfaces__rosidl_typesupport_fastrtps_c__pyext[0m
[0.505s] [35m[1mConsolidate compiler generated dependencies of target custom_interfaces__rosidl_typesupport_introspection_c__pyext[0m
[0.505s] [35m[1mConsolidate compiler generated dependencies of target custom_interfaces__rosidl_typesupport_c__pyext[0m
[0.517s] [ 87%] Built target custom_interfaces__rosidl_typesupport_fastrtps_c__pyext
[0.519s] [100%] Built target custom_interfaces__rosidl_typesupport_c__pyext
[0.519s] [100%] Built target custom_interfaces__rosidl_typesupport_introspection_c__pyext
[0.623s] running egg_info
[0.623s] writing custom_interfaces.egg-info/PKG-INFO
[0.624s] writing dependency_links to custom_interfaces.egg-info/dependency_links.txt
[0.624s] writing top-level names to custom_interfaces.egg-info/top_level.txt
[0.626s] reading manifest file 'custom_interfaces.egg-info/SOURCES.txt'
[0.626s] writing manifest file 'custom_interfaces.egg-info/SOURCES.txt'
[0.647s] [100%] Built target ament_cmake_python_build_custom_interfaces_egg
[0.654s] Invoked command in '/home/eypan/ros2_ws/build/custom_interfaces' returned '0': CMAKE_PREFIX_PATH=${CMAKE_PREFIX_PATH}:/home/eypan/install/tutorial_interfaces:/home/eypan/ros2_ws/install/perception:/home/eypan/ros2_ws/install/brain:/opt/ros/humble /usr/bin/cmake --build /home/eypan/ros2_ws/build/custom_interfaces -- -j8 -l8
[0.697s] Invoking command in '/home/eypan/ros2_ws/build/custom_interfaces': CMAKE_PREFIX_PATH=${CMAKE_PREFIX_PATH}:/home/eypan/install/tutorial_interfaces:/home/eypan/ros2_ws/install/perception:/home/eypan/ros2_ws/install/brain:/opt/ros/humble /usr/bin/cmake --install /home/eypan/ros2_ws/build/custom_interfaces
[0.703s] -- Install configuration: ""
[0.703s] -- Up-to-date: /home/eypan/ros2_ws/install/custom_interfaces/share/ament_index/resource_index/rosidl_interfaces/custom_interfaces
[0.703s] -- Up-to-date: /home/eypan/ros2_ws/install/custom_interfaces/include/custom_interfaces/custom_interfaces
[0.703s] -- Up-to-date: /home/eypan/ros2_ws/install/custom_interfaces/include/custom_interfaces/custom_interfaces/msg
[0.703s] -- Up-to-date: /home/eypan/ros2_ws/install/custom_interfaces/include/custom_interfaces/custom_interfaces/msg/rosidl_generator_c__visibility_control.h
[0.703s] -- Up-to-date: /home/eypan/ros2_ws/install/custom_interfaces/include/custom_interfaces/custom_interfaces/srv
[0.703s] -- Up-to-date: /home/eypan/ros2_ws/install/custom_interfaces/include/custom_interfaces/custom_interfaces/srv/component_status.h
[0.703s] -- Up-to-date: /home/eypan/ros2_ws/install/custom_interfaces/include/custom_interfaces/custom_interfaces/srv/detail
[0.703s] -- Up-to-date: /home/eypan/ros2_ws/install/custom_interfaces/include/custom_interfaces/custom_interfaces/srv/detail/component_status__struct.h
[0.704s] -- Up-to-date: /home/eypan/ros2_ws/install/custom_interfaces/include/custom_interfaces/custom_interfaces/srv/detail/component_status__functions.c
[0.704s] -- Up-to-date: /home/eypan/ros2_ws/install/custom_interfaces/include/custom_interfaces/custom_interfaces/srv/detail/component_status__type_support.h
[0.704s] -- Up-to-date: /home/eypan/ros2_ws/install/custom_interfaces/include/custom_interfaces/custom_interfaces/srv/detail/component_status__functions.h
[0.704s] -- Up-to-date: /home/eypan/ros2_ws/install/custom_interfaces/share/custom_interfaces/environment/library_path.sh
[0.704s] -- Up-to-date: /home/eypan/ros2_ws/install/custom_interfaces/share/custom_interfaces/environment/library_path.dsv
[0.704s] -- Up-to-date: /home/eypan/ros2_ws/install/custom_interfaces/lib/libcustom_interfaces__rosidl_generator_c.so
[0.704s] -- Up-to-date: /home/eypan/ros2_ws/install/custom_interfaces/include/custom_interfaces/custom_interfaces
[0.704s] -- Up-to-date: /home/eypan/ros2_ws/install/custom_interfaces/include/custom_interfaces/custom_interfaces/msg
[0.704s] -- Up-to-date: /home/eypan/ros2_ws/install/custom_interfaces/include/custom_interfaces/custom_interfaces/msg/rosidl_typesupport_fastrtps_c__visibility_control.h
[0.704s] -- Up-to-date: /home/eypan/ros2_ws/install/custom_interfaces/include/custom_interfaces/custom_interfaces/srv
[0.704s] -- Up-to-date: /home/eypan/ros2_ws/install/custom_interfaces/include/custom_interfaces/custom_interfaces/srv/detail
[0.704s] -- Up-to-date: /home/eypan/ros2_ws/install/custom_interfaces/include/custom_interfaces/custom_interfaces/srv/detail/component_status__rosidl_typesupport_fastrtps_c.h
[0.704s] -- Up-to-date: /home/eypan/ros2_ws/install/custom_interfaces/lib/libcustom_interfaces__rosidl_typesupport_fastrtps_c.so
[0.704s] -- Up-to-date: /home/eypan/ros2_ws/install/custom_interfaces/include/custom_interfaces/custom_interfaces
[0.705s] -- Up-to-date: /home/eypan/ros2_ws/install/custom_interfaces/include/custom_interfaces/custom_interfaces/msg
[0.705s] -- Up-to-date: /home/eypan/ros2_ws/install/custom_interfaces/include/custom_interfaces/custom_interfaces/msg/rosidl_typesupport_introspection_c__visibility_control.h
[0.705s] -- Up-to-date: /home/eypan/ros2_ws/install/custom_interfaces/include/custom_interfaces/custom_interfaces/srv
[0.705s] -- Up-to-date: /home/eypan/ros2_ws/install/custom_interfaces/include/custom_interfaces/custom_interfaces/srv/detail
[0.705s] -- Up-to-date: /home/eypan/ros2_ws/install/custom_interfaces/include/custom_interfaces/custom_interfaces/srv/detail/component_status__rosidl_typesupport_introspection_c.h
[0.705s] -- Up-to-date: /home/eypan/ros2_ws/install/custom_interfaces/include/custom_interfaces/custom_interfaces/srv/detail/component_status__type_support.c
[0.705s] -- Up-to-date: /home/eypan/ros2_ws/install/custom_interfaces/lib/libcustom_interfaces__rosidl_typesupport_introspection_c.so
[0.705s] -- Up-to-date: /home/eypan/ros2_ws/install/custom_interfaces/lib/libcustom_interfaces__rosidl_typesupport_c.so
[0.705s] -- Up-to-date: /home/eypan/ros2_ws/install/custom_interfaces/include/custom_interfaces/custom_interfaces
[0.705s] -- Up-to-date: /home/eypan/ros2_ws/install/custom_interfaces/include/custom_interfaces/custom_interfaces/srv
[0.705s] -- Up-to-date: /home/eypan/ros2_ws/install/custom_interfaces/include/custom_interfaces/custom_interfaces/srv/detail
[0.705s] -- Up-to-date: /home/eypan/ros2_ws/install/custom_interfaces/include/custom_interfaces/custom_interfaces/srv/detail/component_status__traits.hpp
[0.706s] -- Up-to-date: /home/eypan/ros2_ws/install/custom_interfaces/include/custom_interfaces/custom_interfaces/srv/detail/component_status__struct.hpp
[0.706s] -- Up-to-date: /home/eypan/ros2_ws/install/custom_interfaces/include/custom_interfaces/custom_interfaces/srv/detail/component_status__builder.hpp
[0.706s] -- Up-to-date: /home/eypan/ros2_ws/install/custom_interfaces/include/custom_interfaces/custom_interfaces/srv/component_status.hpp
[0.706s] -- Up-to-date: /home/eypan/ros2_ws/install/custom_interfaces/include/custom_interfaces/custom_interfaces
[0.706s] -- Up-to-date: /home/eypan/ros2_ws/install/custom_interfaces/include/custom_interfaces/custom_interfaces/msg
[0.706s] -- Up-to-date: /home/eypan/ros2_ws/install/custom_interfaces/include/custom_interfaces/custom_interfaces/msg/rosidl_typesupport_fastrtps_cpp__visibility_control.h
[0.706s] -- Up-to-date: /home/eypan/ros2_ws/install/custom_interfaces/include/custom_interfaces/custom_interfaces/srv
[0.706s] -- Up-to-date: /home/eypan/ros2_ws/install/custom_interfaces/include/custom_interfaces/custom_interfaces/srv/detail
[0.706s] -- Up-to-date: /home/eypan/ros2_ws/install/custom_interfaces/include/custom_interfaces/custom_interfaces/srv/detail/component_status__rosidl_typesupport_fastrtps_cpp.hpp
[0.706s] -- Up-to-date: /home/eypan/ros2_ws/install/custom_interfaces/include/custom_interfaces/custom_interfaces/srv/detail/dds_fastrtps
[0.706s] -- Up-to-date: /home/eypan/ros2_ws/install/custom_interfaces/lib/libcustom_interfaces__rosidl_typesupport_fastrtps_cpp.so
[0.706s] -- Up-to-date: /home/eypan/ros2_ws/install/custom_interfaces/include/custom_interfaces/custom_interfaces
[0.706s] -- Up-to-date: /home/eypan/ros2_ws/install/custom_interfaces/include/custom_interfaces/custom_interfaces/srv
[0.706s] -- Up-to-date: /home/eypan/ros2_ws/install/custom_interfaces/include/custom_interfaces/custom_interfaces/srv/detail
[0.706s] -- Up-to-date: /home/eypan/ros2_ws/install/custom_interfaces/include/custom_interfaces/custom_interfaces/srv/detail/component_status__rosidl_typesupport_introspection_cpp.hpp
[0.706s] -- Up-to-date: /home/eypan/ros2_ws/install/custom_interfaces/include/custom_interfaces/custom_interfaces/srv/detail/component_status__type_support.cpp
[0.706s] -- Up-to-date: /home/eypan/ros2_ws/install/custom_interfaces/lib/libcustom_interfaces__rosidl_typesupport_introspection_cpp.so
[0.706s] -- Up-to-date: /home/eypan/ros2_ws/install/custom_interfaces/lib/libcustom_interfaces__rosidl_typesupport_cpp.so
[0.706s] -- Up-to-date: /home/eypan/ros2_ws/install/custom_interfaces/share/custom_interfaces/environment/pythonpath.sh
[0.706s] -- Up-to-date: /home/eypan/ros2_ws/install/custom_interfaces/share/custom_interfaces/environment/pythonpath.dsv
[0.707s] -- Up-to-date: /home/eypan/ros2_ws/install/custom_interfaces/local/lib/python3.10/dist-packages/custom_interfaces-0.0.0-py3.10.egg-info
[0.707s] -- Installing: /home/eypan/ros2_ws/install/custom_interfaces/local/lib/python3.10/dist-packages/custom_interfaces-0.0.0-py3.10.egg-info/dependency_links.txt
[0.707s] -- Installing: /home/eypan/ros2_ws/install/custom_interfaces/local/lib/python3.10/dist-packages/custom_interfaces-0.0.0-py3.10.egg-info/PKG-INFO
[0.707s] -- Installing: /home/eypan/ros2_ws/install/custom_interfaces/local/lib/python3.10/dist-packages/custom_interfaces-0.0.0-py3.10.egg-info/SOURCES.txt
[0.707s] -- Installing: /home/eypan/ros2_ws/install/custom_interfaces/local/lib/python3.10/dist-packages/custom_interfaces-0.0.0-py3.10.egg-info/top_level.txt
[0.707s] -- Up-to-date: /home/eypan/ros2_ws/install/custom_interfaces/local/lib/python3.10/dist-packages/custom_interfaces
[0.707s] -- Up-to-date: /home/eypan/ros2_ws/install/custom_interfaces/local/lib/python3.10/dist-packages/custom_interfaces/libcustom_interfaces__rosidl_generator_py.so
[0.707s] -- Up-to-date: /home/eypan/ros2_ws/install/custom_interfaces/local/lib/python3.10/dist-packages/custom_interfaces/__init__.py
[0.707s] -- Up-to-date: /home/eypan/ros2_ws/install/custom_interfaces/local/lib/python3.10/dist-packages/custom_interfaces/custom_interfaces_s__rosidl_typesupport_fastrtps_c.cpython-310-x86_64-linux-gnu.so
[0.707s] -- Up-to-date: /home/eypan/ros2_ws/install/custom_interfaces/local/lib/python3.10/dist-packages/custom_interfaces/_custom_interfaces_s.ep.rosidl_typesupport_fastrtps_c.c
[0.707s] -- Up-to-date: /home/eypan/ros2_ws/install/custom_interfaces/local/lib/python3.10/dist-packages/custom_interfaces/custom_interfaces_s__rosidl_typesupport_introspection_c.cpython-310-x86_64-linux-gnu.so
[0.707s] -- Up-to-date: /home/eypan/ros2_ws/install/custom_interfaces/local/lib/python3.10/dist-packages/custom_interfaces/srv
[0.707s] -- Up-to-date: /home/eypan/ros2_ws/install/custom_interfaces/local/lib/python3.10/dist-packages/custom_interfaces/srv/__init__.py
[0.707s] -- Up-to-date: /home/eypan/ros2_ws/install/custom_interfaces/local/lib/python3.10/dist-packages/custom_interfaces/srv/_component_status.py
[0.707s] -- Up-to-date: /home/eypan/ros2_ws/install/custom_interfaces/local/lib/python3.10/dist-packages/custom_interfaces/srv/_component_status_s.c
[0.707s] -- Up-to-date: /home/eypan/ros2_ws/install/custom_interfaces/local/lib/python3.10/dist-packages/custom_interfaces/custom_interfaces_s__rosidl_typesupport_c.cpython-310-x86_64-linux-gnu.so
[0.707s] -- Up-to-date: /home/eypan/ros2_ws/install/custom_interfaces/local/lib/python3.10/dist-packages/custom_interfaces/_custom_interfaces_s.ep.rosidl_typesupport_introspection_c.c
[0.707s] -- Up-to-date: /home/eypan/ros2_ws/install/custom_interfaces/local/lib/python3.10/dist-packages/custom_interfaces/_custom_interfaces_s.ep.rosidl_typesupport_c.c
[0.738s] Listing '/home/eypan/ros2_ws/install/custom_interfaces/local/lib/python3.10/dist-packages/custom_interfaces'...
[0.739s] Listing '/home/eypan/ros2_ws/install/custom_interfaces/local/lib/python3.10/dist-packages/custom_interfaces/srv'...
[0.743s] -- Up-to-date: /home/eypan/ros2_ws/install/custom_interfaces/local/lib/python3.10/dist-packages/custom_interfaces/custom_interfaces_s__rosidl_typesupport_fastrtps_c.cpython-310-x86_64-linux-gnu.so
[0.743s] -- Up-to-date: /home/eypan/ros2_ws/install/custom_interfaces/local/lib/python3.10/dist-packages/custom_interfaces/custom_interfaces_s__rosidl_typesupport_introspection_c.cpython-310-x86_64-linux-gnu.so
[0.744s] -- Up-to-date: /home/eypan/ros2_ws/install/custom_interfaces/local/lib/python3.10/dist-packages/custom_interfaces/custom_interfaces_s__rosidl_typesupport_c.cpython-310-x86_64-linux-gnu.so
[0.744s] -- Up-to-date: /home/eypan/ros2_ws/install/custom_interfaces/lib/libcustom_interfaces__rosidl_generator_py.so
[0.744s] -- Up-to-date: /home/eypan/ros2_ws/install/custom_interfaces/share/custom_interfaces/srv/ComponentStatus.idl
[0.744s] -- Up-to-date: /home/eypan/ros2_ws/install/custom_interfaces/share/custom_interfaces/srv/ComponentStatus.srv
[0.744s] -- Up-to-date: /home/eypan/ros2_ws/install/custom_interfaces/share/custom_interfaces/srv/ComponentStatus_Request.msg
[0.744s] -- Up-to-date: /home/eypan/ros2_ws/install/custom_interfaces/share/custom_interfaces/srv/ComponentStatus_Response.msg
[0.744s] -- Up-to-date: /home/eypan/ros2_ws/install/custom_interfaces/share/ament_index/resource_index/package_run_dependencies/custom_interfaces
[0.744s] -- Up-to-date: /home/eypan/ros2_ws/install/custom_interfaces/share/ament_index/resource_index/parent_prefix_path/custom_interfaces
[0.745s] -- Up-to-date: /home/eypan/ros2_ws/install/custom_interfaces/share/custom_interfaces/environment/ament_prefix_path.sh
[0.745s] -- Up-to-date: /home/eypan/ros2_ws/install/custom_interfaces/share/custom_interfaces/environment/ament_prefix_path.dsv
[0.745s] -- Up-to-date: /home/eypan/ros2_ws/install/custom_interfaces/share/custom_interfaces/environment/path.sh
[0.745s] -- Up-to-date: /home/eypan/ros2_ws/install/custom_interfaces/share/custom_interfaces/environment/path.dsv
[0.745s] -- Up-to-date: /home/eypan/ros2_ws/install/custom_interfaces/share/custom_interfaces/local_setup.bash
[0.745s] -- Up-to-date: /home/eypan/ros2_ws/install/custom_interfaces/share/custom_interfaces/local_setup.sh
[0.745s] -- Up-to-date: /home/eypan/ros2_ws/install/custom_interfaces/share/custom_interfaces/local_setup.zsh
[0.745s] -- Up-to-date: /home/eypan/ros2_ws/install/custom_interfaces/share/custom_interfaces/local_setup.dsv
[0.745s] -- Installing: /home/eypan/ros2_ws/install/custom_interfaces/share/custom_interfaces/package.dsv
[0.745s] -- Up-to-date: /home/eypan/ros2_ws/install/custom_interfaces/share/ament_index/resource_index/packages/custom_interfaces
[0.745s] -- Up-to-date: /home/eypan/ros2_ws/install/custom_interfaces/share/custom_interfaces/cmake/export_custom_interfaces__rosidl_generator_cExport.cmake
[0.745s] -- Up-to-date: /home/eypan/ros2_ws/install/custom_interfaces/share/custom_interfaces/cmake/export_custom_interfaces__rosidl_generator_cExport-noconfig.cmake
[0.745s] -- Up-to-date: /home/eypan/ros2_ws/install/custom_interfaces/share/custom_interfaces/cmake/export_custom_interfaces__rosidl_typesupport_fastrtps_cExport.cmake
[0.745s] -- Up-to-date: /home/eypan/ros2_ws/install/custom_interfaces/share/custom_interfaces/cmake/export_custom_interfaces__rosidl_typesupport_fastrtps_cExport-noconfig.cmake
[0.746s] -- Up-to-date: /home/eypan/ros2_ws/install/custom_interfaces/share/custom_interfaces/cmake/custom_interfaces__rosidl_typesupport_introspection_cExport.cmake
[0.746s] -- Up-to-date: /home/eypan/ros2_ws/install/custom_interfaces/share/custom_interfaces/cmake/custom_interfaces__rosidl_typesupport_introspection_cExport-noconfig.cmake
[0.746s] -- Up-to-date: /home/eypan/ros2_ws/install/custom_interfaces/share/custom_interfaces/cmake/custom_interfaces__rosidl_typesupport_cExport.cmake
[0.746s] -- Up-to-date: /home/eypan/ros2_ws/install/custom_interfaces/share/custom_interfaces/cmake/custom_interfaces__rosidl_typesupport_cExport-noconfig.cmake
[0.746s] -- Up-to-date: /home/eypan/ros2_ws/install/custom_interfaces/share/custom_interfaces/cmake/export_custom_interfaces__rosidl_generator_cppExport.cmake
[0.747s] -- Up-to-date: /home/eypan/ros2_ws/install/custom_interfaces/share/custom_interfaces/cmake/export_custom_interfaces__rosidl_typesupport_fastrtps_cppExport.cmake
[0.747s] -- Up-to-date: /home/eypan/ros2_ws/install/custom_interfaces/share/custom_interfaces/cmake/export_custom_interfaces__rosidl_typesupport_fastrtps_cppExport-noconfig.cmake
[0.747s] -- Up-to-date: /home/eypan/ros2_ws/install/custom_interfaces/share/custom_interfaces/cmake/custom_interfaces__rosidl_typesupport_introspection_cppExport.cmake
[0.747s] -- Up-to-date: /home/eypan/ros2_ws/install/custom_interfaces/share/custom_interfaces/cmake/custom_interfaces__rosidl_typesupport_introspection_cppExport-noconfig.cmake
[0.747s] -- Up-to-date: /home/eypan/ros2_ws/install/custom_interfaces/share/custom_interfaces/cmake/custom_interfaces__rosidl_typesupport_cppExport.cmake
[0.747s] -- Up-to-date: /home/eypan/ros2_ws/install/custom_interfaces/share/custom_interfaces/cmake/custom_interfaces__rosidl_typesupport_cppExport-noconfig.cmake
[0.748s] -- Up-to-date: /home/eypan/ros2_ws/install/custom_interfaces/share/custom_interfaces/cmake/export_custom_interfaces__rosidl_generator_pyExport.cmake
[0.748s] -- Up-to-date: /home/eypan/ros2_ws/install/custom_interfaces/share/custom_interfaces/cmake/export_custom_interfaces__rosidl_generator_pyExport-noconfig.cmake
[0.748s] -- Up-to-date: /home/eypan/ros2_ws/install/custom_interfaces/share/custom_interfaces/cmake/rosidl_cmake-extras.cmake
[0.748s] -- Up-to-date: /home/eypan/ros2_ws/install/custom_interfaces/share/custom_interfaces/cmake/ament_cmake_export_include_directories-extras.cmake
[0.748s] -- Up-to-date: /home/eypan/ros2_ws/install/custom_interfaces/share/custom_interfaces/cmake/ament_cmake_export_libraries-extras.cmake
[0.748s] -- Up-to-date: /home/eypan/ros2_ws/install/custom_interfaces/share/custom_interfaces/cmake/ament_cmake_export_targets-extras.cmake
[0.748s] -- Up-to-date: /home/eypan/ros2_ws/install/custom_interfaces/share/custom_interfaces/cmake/rosidl_cmake_export_typesupport_targets-extras.cmake
[0.748s] -- Up-to-date: /home/eypan/ros2_ws/install/custom_interfaces/share/custom_interfaces/cmake/ament_cmake_export_dependencies-extras.cmake
[0.749s] -- Up-to-date: /home/eypan/ros2_ws/install/custom_interfaces/share/custom_interfaces/cmake/rosidl_cmake_export_typesupport_libraries-extras.cmake
[0.749s] -- Up-to-date: /home/eypan/ros2_ws/install/custom_interfaces/share/custom_interfaces/cmake/custom_interfacesConfig.cmake
[0.749s] -- Up-to-date: /home/eypan/ros2_ws/install/custom_interfaces/share/custom_interfaces/cmake/custom_interfacesConfig-version.cmake
[0.749s] -- Up-to-date: /home/eypan/ros2_ws/install/custom_interfaces/share/custom_interfaces/package.xml
[0.750s] Invoked command in '/home/eypan/ros2_ws/build/custom_interfaces' returned '0': CMAKE_PREFIX_PATH=${CMAKE_PREFIX_PATH}:/home/eypan/install/tutorial_interfaces:/home/eypan/ros2_ws/install/perception:/home/eypan/ros2_ws/install/brain:/opt/ros/humble /usr/bin/cmake --install /home/eypan/ros2_ws/build/custom_interfaces
