[0.960s] Invoking command in '/home/eypan/ros2_ws/src/perception': PYTHONPATH=/home/eypan/ros2_ws/build/perception/prefix_override:/home/eypan/ros2_ws/install/perception/lib/python3.10/site-packages:${PYTHONPATH} /usr/bin/python3 setup.py egg_info --egg-base ../../build/perception build --build-base /home/eypan/ros2_ws/build/perception/build install --record /home/eypan/ros2_ws/build/perception/install.log --single-version-externally-managed
[1.149s] running egg_info
[1.150s] writing ../../build/perception/perception.egg-info/PKG-INFO
[1.150s] writing dependency_links to ../../build/perception/perception.egg-info/dependency_links.txt
[1.150s] writing entry points to ../../build/perception/perception.egg-info/entry_points.txt
[1.150s] writing requirements to ../../build/perception/perception.egg-info/requires.txt
[1.150s] writing top-level names to ../../build/perception/perception.egg-info/top_level.txt
[1.152s] reading manifest file '../../build/perception/perception.egg-info/SOURCES.txt'
[1.152s] writing manifest file '../../build/perception/perception.egg-info/SOURCES.txt'
[1.152s] running build
[1.153s] running build_py
[1.153s] running install
[1.153s] running install_lib
[1.154s] running install_data
[1.155s] running install_egg_info
[1.156s] removing '/home/eypan/ros2_ws/install/perception/lib/python3.10/site-packages/perception-0.0.0-py3.10.egg-info' (and everything under it)
[1.156s] Copying ../../build/perception/perception.egg-info to /home/eypan/ros2_ws/install/perception/lib/python3.10/site-packages/perception-0.0.0-py3.10.egg-info
[1.157s] running install_scripts
[1.175s] Installing perception script to /home/eypan/ros2_ws/install/perception/lib/perception
[1.176s] writing list of installed files to '/home/eypan/ros2_ws/build/perception/install.log'
[1.208s] Invoked command in '/home/eypan/ros2_ws/src/perception' returned '0': PYTHONPATH=/home/eypan/ros2_ws/build/perception/prefix_override:/home/eypan/ros2_ws/install/perception/lib/python3.10/site-packages:${PYTHONPATH} /usr/bin/python3 setup.py egg_info --egg-base ../../build/perception build --build-base /home/eypan/ros2_ws/build/perception/build install --record /home/eypan/ros2_ws/build/perception/install.log --single-version-externally-managed
