[0.844s] Invoking command in '/home/eypan/ros2_ws/src/brain': PYTHONPATH=/home/eypan/ros2_ws/build/brain/prefix_override:/home/eypan/ros2_ws/install/brain/lib/python3.10/site-packages:${PYTHONPATH} /usr/bin/python3 setup.py egg_info --egg-base ../../build/brain build --build-base /home/eypan/ros2_ws/build/brain/build install --record /home/eypan/ros2_ws/build/brain/install.log --single-version-externally-managed
[1.011s] running egg_info
[1.012s] writing ../../build/brain/brain.egg-info/PKG-INFO
[1.012s] writing dependency_links to ../../build/brain/brain.egg-info/dependency_links.txt
[1.012s] writing entry points to ../../build/brain/brain.egg-info/entry_points.txt
[1.012s] writing requirements to ../../build/brain/brain.egg-info/requires.txt
[1.012s] writing top-level names to ../../build/brain/brain.egg-info/top_level.txt
[1.013s] reading manifest file '../../build/brain/brain.egg-info/SOURCES.txt'
[1.014s] writing manifest file '../../build/brain/brain.egg-info/SOURCES.txt'
[1.014s] running build
[1.014s] running build_py
[1.014s] copying brain/brain_node.py -> /home/eypan/ros2_ws/build/brain/build/lib/brain
[1.014s] running install
[1.014s] running install_lib
[1.015s] copying /home/eypan/ros2_ws/build/brain/build/lib/brain/brain_node.py -> /home/eypan/ros2_ws/install/brain/lib/python3.10/site-packages/brain
[1.015s] byte-compiling /home/eypan/ros2_ws/install/brain/lib/python3.10/site-packages/brain/brain_node.py to brain_node.cpython-310.pyc
[1.016s] running install_data
[1.016s] running install_egg_info
[1.017s] removing '/home/eypan/ros2_ws/install/brain/lib/python3.10/site-packages/brain-0.0.0-py3.10.egg-info' (and everything under it)
[1.017s] Copying ../../build/brain/brain.egg-info to /home/eypan/ros2_ws/install/brain/lib/python3.10/site-packages/brain-0.0.0-py3.10.egg-info
[1.018s] running install_scripts
[1.033s] Installing brain script to /home/eypan/ros2_ws/install/brain/lib/brain
[1.033s] writing list of installed files to '/home/eypan/ros2_ws/build/brain/install.log'
[1.070s] Invoked command in '/home/eypan/ros2_ws/src/brain' returned '0': PYTHONPATH=/home/eypan/ros2_ws/build/brain/prefix_override:/home/eypan/ros2_ws/install/brain/lib/python3.10/site-packages:${PYTHONPATH} /usr/bin/python3 setup.py egg_info --egg-base ../../build/brain build --build-base /home/eypan/ros2_ws/build/brain/build install --record /home/eypan/ros2_ws/build/brain/install.log --single-version-externally-managed
