[0.233s] DEBUG:colcon:Command line arguments: ['/usr/bin/colcon', 'build']
[0.233s] DEBUG:colcon:Parsed command line arguments: Namespace(log_base=None, log_level=None, verb_name='build', build_base='build', install_base='install', merge_install=False, symlink_install=False, test_result_base=None, continue_on_error=False, executor='parallel', parallel_workers=8, event_handlers=None, ignore_user_meta=False, metas=['./colcon.meta'], base_paths=['.'], packages_ignore=None, packages_ignore_regex=None, paths=None, packages_up_to=None, packages_up_to_regex=None, packages_above=None, packages_above_and_dependencies=None, packages_above_depth=None, packages_select_by_dep=None, packages_skip_by_dep=None, packages_skip_up_to=None, packages_select_build_failed=False, packages_skip_build_finished=False, packages_select_test_failures=False, packages_skip_test_passed=False, packages_select=None, packages_skip=None, packages_select_regex=None, packages_skip_regex=None, packages_start=None, packages_end=None, allow_overriding=[], cmake_args=None, cmake_target=None, cmake_target_skip_unavailable=False, cmake_clean_cache=False, cmake_clean_first=False, cmake_force_configure=False, ament_cmake_args=None, catkin_cmake_args=None, catkin_skip_building_tests=False, verb_parser=<colcon_defaults.argument_parser.defaults.DefaultArgumentsDecorator object at 0x7f1f7fef0a00>, verb_extension=<colcon_core.verb.build.BuildVerb object at 0x7f1f7fef0490>, main=<bound method BuildVerb.main of <colcon_core.verb.build.BuildVerb object at 0x7f1f7fef0490>>)
[0.250s] Level 1:colcon.colcon_core.package_discovery:discover_packages(colcon_meta) check parameters
[0.250s] Level 1:colcon.colcon_core.package_discovery:discover_packages(recursive) check parameters
[0.250s] Level 1:colcon.colcon_core.package_discovery:discover_packages(ignore) check parameters
[0.250s] Level 1:colcon.colcon_core.package_discovery:discover_packages(path) check parameters
[0.250s] Level 1:colcon.colcon_core.package_discovery:discover_packages(colcon_meta) discover
[0.250s] Level 1:colcon.colcon_core.package_discovery:discover_packages(recursive) discover
[0.250s] INFO:colcon.colcon_core.package_discovery:Crawling recursively for packages in '/home/eypan/ros2_ws'
[0.250s] Level 1:colcon.colcon_core.package_identification:_identify(.) by extensions ['ignore', 'ignore_ament_install']
[0.250s] Level 1:colcon.colcon_core.package_identification:_identify(.) by extension 'ignore'
[0.251s] Level 1:colcon.colcon_core.package_identification:_identify(.) by extension 'ignore_ament_install'
[0.251s] Level 1:colcon.colcon_core.package_identification:_identify(.) by extensions ['colcon_pkg']
[0.251s] Level 1:colcon.colcon_core.package_identification:_identify(.) by extension 'colcon_pkg'
[0.251s] Level 1:colcon.colcon_core.package_identification:_identify(.) by extensions ['colcon_meta']
[0.251s] Level 1:colcon.colcon_core.package_identification:_identify(.) by extension 'colcon_meta'
[0.251s] Level 1:colcon.colcon_core.package_identification:_identify(.) by extensions ['ros']
[0.251s] Level 1:colcon.colcon_core.package_identification:_identify(.) by extension 'ros'
[0.257s] Level 1:colcon.colcon_core.package_identification:_identify(.) by extensions ['cmake', 'python']
[0.257s] Level 1:colcon.colcon_core.package_identification:_identify(.) by extension 'cmake'
[0.258s] Level 1:colcon.colcon_core.package_identification:_identify(.) by extension 'python'
[0.258s] Level 1:colcon.colcon_core.package_identification:_identify(.) by extensions ['python_setup_py']
[0.258s] Level 1:colcon.colcon_core.package_identification:_identify(.) by extension 'python_setup_py'
[0.258s] Level 1:colcon.colcon_core.package_identification:_identify(build) by extensions ['ignore', 'ignore_ament_install']
[0.258s] Level 1:colcon.colcon_core.package_identification:_identify(build) by extension 'ignore'
[0.258s] Level 1:colcon.colcon_core.package_identification:_identify(build) ignored
[0.258s] Level 1:colcon.colcon_core.package_identification:_identify(install) by extensions ['ignore', 'ignore_ament_install']
[0.258s] Level 1:colcon.colcon_core.package_identification:_identify(install) by extension 'ignore'
[0.258s] Level 1:colcon.colcon_core.package_identification:_identify(install) ignored
[0.258s] Level 1:colcon.colcon_core.package_identification:_identify(log) by extensions ['ignore', 'ignore_ament_install']
[0.258s] Level 1:colcon.colcon_core.package_identification:_identify(log) by extension 'ignore'
[0.258s] Level 1:colcon.colcon_core.package_identification:_identify(log) ignored
[0.258s] Level 1:colcon.colcon_core.package_identification:_identify(src) by extensions ['ignore', 'ignore_ament_install']
[0.258s] Level 1:colcon.colcon_core.package_identification:_identify(src) by extension 'ignore'
[0.258s] Level 1:colcon.colcon_core.package_identification:_identify(src) by extension 'ignore_ament_install'
[0.258s] Level 1:colcon.colcon_core.package_identification:_identify(src) by extensions ['colcon_pkg']
[0.258s] Level 1:colcon.colcon_core.package_identification:_identify(src) by extension 'colcon_pkg'
[0.258s] Level 1:colcon.colcon_core.package_identification:_identify(src) by extensions ['colcon_meta']
[0.258s] Level 1:colcon.colcon_core.package_identification:_identify(src) by extension 'colcon_meta'
[0.258s] Level 1:colcon.colcon_core.package_identification:_identify(src) by extensions ['ros']
[0.258s] Level 1:colcon.colcon_core.package_identification:_identify(src) by extension 'ros'
[0.258s] Level 1:colcon.colcon_core.package_identification:_identify(src) by extensions ['cmake', 'python']
[0.258s] Level 1:colcon.colcon_core.package_identification:_identify(src) by extension 'cmake'
[0.258s] Level 1:colcon.colcon_core.package_identification:_identify(src) by extension 'python'
[0.258s] Level 1:colcon.colcon_core.package_identification:_identify(src) by extensions ['python_setup_py']
[0.258s] Level 1:colcon.colcon_core.package_identification:_identify(src) by extension 'python_setup_py'
[0.258s] Level 1:colcon.colcon_core.package_identification:_identify(src/actuation) by extensions ['ignore', 'ignore_ament_install']
[0.259s] Level 1:colcon.colcon_core.package_identification:_identify(src/actuation) by extension 'ignore'
[0.259s] Level 1:colcon.colcon_core.package_identification:_identify(src/actuation) by extension 'ignore_ament_install'
[0.259s] Level 1:colcon.colcon_core.package_identification:_identify(src/actuation) by extensions ['colcon_pkg']
[0.259s] Level 1:colcon.colcon_core.package_identification:_identify(src/actuation) by extension 'colcon_pkg'
[0.259s] Level 1:colcon.colcon_core.package_identification:_identify(src/actuation) by extensions ['colcon_meta']
[0.259s] Level 1:colcon.colcon_core.package_identification:_identify(src/actuation) by extension 'colcon_meta'
[0.259s] Level 1:colcon.colcon_core.package_identification:_identify(src/actuation) by extensions ['ros']
[0.259s] Level 1:colcon.colcon_core.package_identification:_identify(src/actuation) by extension 'ros'
[0.260s] DEBUG:colcon.colcon_core.package_identification:Package 'src/actuation' with type 'ros.ament_python' and name 'actuation'
[0.260s] Level 1:colcon.colcon_core.package_identification:_identify(src/brain) by extensions ['ignore', 'ignore_ament_install']
[0.260s] Level 1:colcon.colcon_core.package_identification:_identify(src/brain) by extension 'ignore'
[0.260s] Level 1:colcon.colcon_core.package_identification:_identify(src/brain) by extension 'ignore_ament_install'
[0.260s] Level 1:colcon.colcon_core.package_identification:_identify(src/brain) by extensions ['colcon_pkg']
[0.260s] Level 1:colcon.colcon_core.package_identification:_identify(src/brain) by extension 'colcon_pkg'
[0.260s] Level 1:colcon.colcon_core.package_identification:_identify(src/brain) by extensions ['colcon_meta']
[0.260s] Level 1:colcon.colcon_core.package_identification:_identify(src/brain) by extension 'colcon_meta'
[0.260s] Level 1:colcon.colcon_core.package_identification:_identify(src/brain) by extensions ['ros']
[0.260s] Level 1:colcon.colcon_core.package_identification:_identify(src/brain) by extension 'ros'
[0.261s] DEBUG:colcon.colcon_core.package_identification:Package 'src/brain' with type 'ros.ament_python' and name 'brain'
[0.261s] Level 1:colcon.colcon_core.package_identification:_identify(src/custom_interfaces) by extensions ['ignore', 'ignore_ament_install']
[0.261s] Level 1:colcon.colcon_core.package_identification:_identify(src/custom_interfaces) by extension 'ignore'
[0.261s] Level 1:colcon.colcon_core.package_identification:_identify(src/custom_interfaces) by extension 'ignore_ament_install'
[0.261s] Level 1:colcon.colcon_core.package_identification:_identify(src/custom_interfaces) by extensions ['colcon_pkg']
[0.261s] Level 1:colcon.colcon_core.package_identification:_identify(src/custom_interfaces) by extension 'colcon_pkg'
[0.261s] Level 1:colcon.colcon_core.package_identification:_identify(src/custom_interfaces) by extensions ['colcon_meta']
[0.261s] Level 1:colcon.colcon_core.package_identification:_identify(src/custom_interfaces) by extension 'colcon_meta'
[0.261s] Level 1:colcon.colcon_core.package_identification:_identify(src/custom_interfaces) by extensions ['ros']
[0.261s] Level 1:colcon.colcon_core.package_identification:_identify(src/custom_interfaces) by extension 'ros'
[0.261s] DEBUG:colcon.colcon_core.package_identification:Package 'src/custom_interfaces' with type 'ros.ament_cmake' and name 'custom_interfaces'
[0.261s] Level 1:colcon.colcon_core.package_identification:_identify(src/perception) by extensions ['ignore', 'ignore_ament_install']
[0.261s] Level 1:colcon.colcon_core.package_identification:_identify(src/perception) by extension 'ignore'
[0.262s] Level 1:colcon.colcon_core.package_identification:_identify(src/perception) by extension 'ignore_ament_install'
[0.262s] Level 1:colcon.colcon_core.package_identification:_identify(src/perception) by extensions ['colcon_pkg']
[0.262s] Level 1:colcon.colcon_core.package_identification:_identify(src/perception) by extension 'colcon_pkg'
[0.262s] Level 1:colcon.colcon_core.package_identification:_identify(src/perception) by extensions ['colcon_meta']
[0.262s] Level 1:colcon.colcon_core.package_identification:_identify(src/perception) by extension 'colcon_meta'
[0.262s] Level 1:colcon.colcon_core.package_identification:_identify(src/perception) by extensions ['ros']
[0.262s] Level 1:colcon.colcon_core.package_identification:_identify(src/perception) by extension 'ros'
[0.262s] DEBUG:colcon.colcon_core.package_identification:Package 'src/perception' with type 'ros.ament_python' and name 'perception'
[0.262s] Level 1:colcon.colcon_core.package_discovery:discover_packages(recursive) using defaults
[0.262s] Level 1:colcon.colcon_core.package_discovery:discover_packages(ignore) discover
[0.262s] Level 1:colcon.colcon_core.package_discovery:discover_packages(ignore) using defaults
[0.262s] Level 1:colcon.colcon_core.package_discovery:discover_packages(path) discover
[0.262s] Level 1:colcon.colcon_core.package_discovery:discover_packages(path) using defaults
[0.281s] Level 1:colcon.colcon_core.package_discovery:discover_packages(prefix_path) check parameters
[0.281s] Level 1:colcon.colcon_core.package_discovery:discover_packages(prefix_path) discover
[0.283s] DEBUG:colcon.colcon_installed_package_information.package_discovery:Found 1 installed packages in /home/eypan/install
[0.284s] DEBUG:colcon.colcon_installed_package_information.package_discovery:Found 4 installed packages in /home/eypan/ros2_ws/install
[0.285s] DEBUG:colcon.colcon_installed_package_information.package_discovery:Found 270 installed packages in /opt/ros/humble
[0.286s] Level 1:colcon.colcon_core.package_discovery:discover_packages(prefix_path) using defaults
[0.320s] Level 5:colcon.colcon_core.verb:set package 'actuation' build argument 'cmake_args' from command line to 'None'
[0.320s] Level 5:colcon.colcon_core.verb:set package 'actuation' build argument 'cmake_target' from command line to 'None'
[0.320s] Level 5:colcon.colcon_core.verb:set package 'actuation' build argument 'cmake_target_skip_unavailable' from command line to 'False'
[0.320s] Level 5:colcon.colcon_core.verb:set package 'actuation' build argument 'cmake_clean_cache' from command line to 'False'
[0.320s] Level 5:colcon.colcon_core.verb:set package 'actuation' build argument 'cmake_clean_first' from command line to 'False'
[0.320s] Level 5:colcon.colcon_core.verb:set package 'actuation' build argument 'cmake_force_configure' from command line to 'False'
[0.320s] Level 5:colcon.colcon_core.verb:set package 'actuation' build argument 'ament_cmake_args' from command line to 'None'
[0.320s] Level 5:colcon.colcon_core.verb:set package 'actuation' build argument 'catkin_cmake_args' from command line to 'None'
[0.320s] Level 5:colcon.colcon_core.verb:set package 'actuation' build argument 'catkin_skip_building_tests' from command line to 'False'
[0.320s] DEBUG:colcon.colcon_core.verb:Building package 'actuation' with the following arguments: {'ament_cmake_args': None, 'build_base': '/home/eypan/ros2_ws/build/actuation', 'catkin_cmake_args': None, 'catkin_skip_building_tests': False, 'cmake_args': None, 'cmake_clean_cache': False, 'cmake_clean_first': False, 'cmake_force_configure': False, 'cmake_target': None, 'cmake_target_skip_unavailable': False, 'install_base': '/home/eypan/ros2_ws/install/actuation', 'merge_install': False, 'path': '/home/eypan/ros2_ws/src/actuation', 'symlink_install': False, 'test_result_base': None}
[0.321s] Level 5:colcon.colcon_core.verb:set package 'brain' build argument 'cmake_args' from command line to 'None'
[0.321s] Level 5:colcon.colcon_core.verb:set package 'brain' build argument 'cmake_target' from command line to 'None'
[0.321s] Level 5:colcon.colcon_core.verb:set package 'brain' build argument 'cmake_target_skip_unavailable' from command line to 'False'
[0.321s] Level 5:colcon.colcon_core.verb:set package 'brain' build argument 'cmake_clean_cache' from command line to 'False'
[0.321s] Level 5:colcon.colcon_core.verb:set package 'brain' build argument 'cmake_clean_first' from command line to 'False'
[0.321s] Level 5:colcon.colcon_core.verb:set package 'brain' build argument 'cmake_force_configure' from command line to 'False'
[0.321s] Level 5:colcon.colcon_core.verb:set package 'brain' build argument 'ament_cmake_args' from command line to 'None'
[0.321s] Level 5:colcon.colcon_core.verb:set package 'brain' build argument 'catkin_cmake_args' from command line to 'None'
[0.321s] Level 5:colcon.colcon_core.verb:set package 'brain' build argument 'catkin_skip_building_tests' from command line to 'False'
[0.321s] DEBUG:colcon.colcon_core.verb:Building package 'brain' with the following arguments: {'ament_cmake_args': None, 'build_base': '/home/eypan/ros2_ws/build/brain', 'catkin_cmake_args': None, 'catkin_skip_building_tests': False, 'cmake_args': None, 'cmake_clean_cache': False, 'cmake_clean_first': False, 'cmake_force_configure': False, 'cmake_target': None, 'cmake_target_skip_unavailable': False, 'install_base': '/home/eypan/ros2_ws/install/brain', 'merge_install': False, 'path': '/home/eypan/ros2_ws/src/brain', 'symlink_install': False, 'test_result_base': None}
[0.322s] Level 5:colcon.colcon_core.verb:set package 'custom_interfaces' build argument 'cmake_args' from command line to 'None'
[0.322s] Level 5:colcon.colcon_core.verb:set package 'custom_interfaces' build argument 'cmake_target' from command line to 'None'
[0.322s] Level 5:colcon.colcon_core.verb:set package 'custom_interfaces' build argument 'cmake_target_skip_unavailable' from command line to 'False'
[0.322s] Level 5:colcon.colcon_core.verb:set package 'custom_interfaces' build argument 'cmake_clean_cache' from command line to 'False'
[0.322s] Level 5:colcon.colcon_core.verb:set package 'custom_interfaces' build argument 'cmake_clean_first' from command line to 'False'
[0.322s] Level 5:colcon.colcon_core.verb:set package 'custom_interfaces' build argument 'cmake_force_configure' from command line to 'False'
[0.322s] Level 5:colcon.colcon_core.verb:set package 'custom_interfaces' build argument 'ament_cmake_args' from command line to 'None'
[0.322s] Level 5:colcon.colcon_core.verb:set package 'custom_interfaces' build argument 'catkin_cmake_args' from command line to 'None'
[0.323s] Level 5:colcon.colcon_core.verb:set package 'custom_interfaces' build argument 'catkin_skip_building_tests' from command line to 'False'
[0.323s] DEBUG:colcon.colcon_core.verb:Building package 'custom_interfaces' with the following arguments: {'ament_cmake_args': None, 'build_base': '/home/eypan/ros2_ws/build/custom_interfaces', 'catkin_cmake_args': None, 'catkin_skip_building_tests': False, 'cmake_args': None, 'cmake_clean_cache': False, 'cmake_clean_first': False, 'cmake_force_configure': False, 'cmake_target': None, 'cmake_target_skip_unavailable': False, 'install_base': '/home/eypan/ros2_ws/install/custom_interfaces', 'merge_install': False, 'path': '/home/eypan/ros2_ws/src/custom_interfaces', 'symlink_install': False, 'test_result_base': None}
[0.323s] Level 5:colcon.colcon_core.verb:set package 'perception' build argument 'cmake_args' from command line to 'None'
[0.323s] Level 5:colcon.colcon_core.verb:set package 'perception' build argument 'cmake_target' from command line to 'None'
[0.324s] Level 5:colcon.colcon_core.verb:set package 'perception' build argument 'cmake_target_skip_unavailable' from command line to 'False'
[0.324s] Level 5:colcon.colcon_core.verb:set package 'perception' build argument 'cmake_clean_cache' from command line to 'False'
[0.324s] Level 5:colcon.colcon_core.verb:set package 'perception' build argument 'cmake_clean_first' from command line to 'False'
[0.324s] Level 5:colcon.colcon_core.verb:set package 'perception' build argument 'cmake_force_configure' from command line to 'False'
[0.324s] Level 5:colcon.colcon_core.verb:set package 'perception' build argument 'ament_cmake_args' from command line to 'None'
[0.324s] Level 5:colcon.colcon_core.verb:set package 'perception' build argument 'catkin_cmake_args' from command line to 'None'
[0.324s] Level 5:colcon.colcon_core.verb:set package 'perception' build argument 'catkin_skip_building_tests' from command line to 'False'
[0.324s] DEBUG:colcon.colcon_core.verb:Building package 'perception' with the following arguments: {'ament_cmake_args': None, 'build_base': '/home/eypan/ros2_ws/build/perception', 'catkin_cmake_args': None, 'catkin_skip_building_tests': False, 'cmake_args': None, 'cmake_clean_cache': False, 'cmake_clean_first': False, 'cmake_force_configure': False, 'cmake_target': None, 'cmake_target_skip_unavailable': False, 'install_base': '/home/eypan/ros2_ws/install/perception', 'merge_install': False, 'path': '/home/eypan/ros2_ws/src/perception', 'symlink_install': False, 'test_result_base': None}
[0.324s] INFO:colcon.colcon_core.executor:Executing jobs using 'parallel' executor
[0.329s] DEBUG:colcon.colcon_parallel_executor.executor.parallel:run_until_complete
[0.329s] INFO:colcon.colcon_ros.task.ament_python.build:Building ROS package in '/home/eypan/ros2_ws/src/actuation' with build type 'ament_python'
[0.329s] Level 1:colcon.colcon_core.shell:create_environment_hook('actuation', 'ament_prefix_path')
[0.333s] INFO:colcon.colcon_core.plugin_system:Skipping extension 'colcon_core.shell.bat': Not used on non-Windows systems
[0.333s] INFO:colcon.colcon_core.shell:Creating environment hook '/home/eypan/ros2_ws/install/actuation/share/actuation/hook/ament_prefix_path.ps1'
[0.334s] INFO:colcon.colcon_core.shell:Creating environment descriptor '/home/eypan/ros2_ws/install/actuation/share/actuation/hook/ament_prefix_path.dsv'
[0.334s] INFO:colcon.colcon_core.shell:Creating environment hook '/home/eypan/ros2_ws/install/actuation/share/actuation/hook/ament_prefix_path.sh'
[0.336s] INFO:colcon.colcon_core.shell:Skip shell extension 'powershell' for command environment: Not usable outside of PowerShell
[0.336s] DEBUG:colcon.colcon_core.shell:Skip shell extension 'dsv' for command environment
[0.341s] INFO:colcon.colcon_ros.task.ament_python.build:Building ROS package in '/home/eypan/ros2_ws/src/brain' with build type 'ament_python'
[0.341s] Level 1:colcon.colcon_core.shell:create_environment_hook('brain', 'ament_prefix_path')
[0.342s] INFO:colcon.colcon_core.shell:Creating environment hook '/home/eypan/ros2_ws/install/brain/share/brain/hook/ament_prefix_path.ps1'
[0.343s] INFO:colcon.colcon_core.shell:Creating environment descriptor '/home/eypan/ros2_ws/install/brain/share/brain/hook/ament_prefix_path.dsv'
[0.343s] INFO:colcon.colcon_core.shell:Creating environment hook '/home/eypan/ros2_ws/install/brain/share/brain/hook/ament_prefix_path.sh'
[0.345s] INFO:colcon.colcon_core.shell:Skip shell extension 'powershell' for command environment: Not usable outside of PowerShell
[0.345s] DEBUG:colcon.colcon_core.shell:Skip shell extension 'dsv' for command environment
[0.349s] INFO:colcon.colcon_ros.task.ament_cmake.build:Building ROS package in '/home/eypan/ros2_ws/src/custom_interfaces' with build type 'ament_cmake'
[0.350s] INFO:colcon.colcon_cmake.task.cmake.build:Building CMake package in '/home/eypan/ros2_ws/src/custom_interfaces'
[0.351s] INFO:colcon.colcon_core.shell:Skip shell extension 'powershell' for command environment: Not usable outside of PowerShell
[0.351s] DEBUG:colcon.colcon_core.shell:Skip shell extension 'dsv' for command environment
[0.356s] INFO:colcon.colcon_ros.task.ament_python.build:Building ROS package in '/home/eypan/ros2_ws/src/perception' with build type 'ament_python'
[0.356s] Level 1:colcon.colcon_core.shell:create_environment_hook('perception', 'ament_prefix_path')
[0.358s] INFO:colcon.colcon_core.shell:Creating environment hook '/home/eypan/ros2_ws/install/perception/share/perception/hook/ament_prefix_path.ps1'
[0.358s] INFO:colcon.colcon_core.shell:Creating environment descriptor '/home/eypan/ros2_ws/install/perception/share/perception/hook/ament_prefix_path.dsv'
[0.358s] INFO:colcon.colcon_core.shell:Creating environment hook '/home/eypan/ros2_ws/install/perception/share/perception/hook/ament_prefix_path.sh'
[0.360s] INFO:colcon.colcon_core.shell:Skip shell extension 'powershell' for command environment: Not usable outside of PowerShell
[0.360s] DEBUG:colcon.colcon_core.shell:Skip shell extension 'dsv' for command environment
[0.537s] INFO:colcon.colcon_core.task.python.build:Building Python package in '/home/eypan/ros2_ws/src/actuation'
[0.539s] INFO:colcon.colcon_core.shell:Skip shell extension 'powershell' for command environment: Not usable outside of PowerShell
[0.539s] DEBUG:colcon.colcon_core.shell:Skip shell extension 'dsv' for command environment
[0.715s] INFO:colcon.colcon_core.task.python.build:Building Python package in '/home/eypan/ros2_ws/src/brain'
[0.717s] INFO:colcon.colcon_core.shell:Skip shell extension 'powershell' for command environment: Not usable outside of PowerShell
[0.718s] DEBUG:colcon.colcon_core.shell:Skip shell extension 'dsv' for command environment
[0.726s] DEBUG:colcon.colcon_core.event_handler.log_command:Invoking command in '/home/eypan/ros2_ws/build/custom_interfaces': CMAKE_PREFIX_PATH=${CMAKE_PREFIX_PATH}:/home/eypan/install/tutorial_interfaces:/home/eypan/ros2_ws/install/perception:/home/eypan/ros2_ws/install/brain:/home/eypan/ros2_ws/install/actuation:/opt/ros/humble /usr/bin/cmake --build /home/eypan/ros2_ws/build/custom_interfaces -- -j8 -l8
[0.957s] INFO:colcon.colcon_core.task.python.build:Building Python package in '/home/eypan/ros2_ws/src/perception'
[0.959s] INFO:colcon.colcon_core.shell:Skip shell extension 'powershell' for command environment: Not usable outside of PowerShell
[0.959s] DEBUG:colcon.colcon_core.shell:Skip shell extension 'dsv' for command environment
[1.080s] DEBUG:colcon.colcon_core.event_handler.log_command:Invoked command in '/home/eypan/ros2_ws/build/custom_interfaces' returned '0': CMAKE_PREFIX_PATH=${CMAKE_PREFIX_PATH}:/home/eypan/install/tutorial_interfaces:/home/eypan/ros2_ws/install/perception:/home/eypan/ros2_ws/install/brain:/home/eypan/ros2_ws/install/actuation:/opt/ros/humble /usr/bin/cmake --build /home/eypan/ros2_ws/build/custom_interfaces -- -j8 -l8
[1.179s] DEBUG:colcon.colcon_core.event_handler.log_command:Invoking command in '/home/eypan/ros2_ws/build/custom_interfaces': CMAKE_PREFIX_PATH=${CMAKE_PREFIX_PATH}:/home/eypan/install/tutorial_interfaces:/home/eypan/ros2_ws/install/perception:/home/eypan/ros2_ws/install/brain:/home/eypan/ros2_ws/install/actuation:/opt/ros/humble /usr/bin/cmake --install /home/eypan/ros2_ws/build/custom_interfaces
[1.249s] Level 1:colcon.colcon_core.environment:create_environment_scripts_only(custom_interfaces)
[1.260s] Level 1:colcon.colcon_core.environment:checking '/home/eypan/ros2_ws/install/custom_interfaces' for CMake module files
[1.263s] Level 1:colcon.colcon_core.environment:checking '/home/eypan/ros2_ws/install/custom_interfaces' for CMake config files
[1.266s] DEBUG:colcon.colcon_core.event_handler.log_command:Invoked command in '/home/eypan/ros2_ws/build/custom_interfaces' returned '0': CMAKE_PREFIX_PATH=${CMAKE_PREFIX_PATH}:/home/eypan/install/tutorial_interfaces:/home/eypan/ros2_ws/install/perception:/home/eypan/ros2_ws/install/brain:/home/eypan/ros2_ws/install/actuation:/opt/ros/humble /usr/bin/cmake --install /home/eypan/ros2_ws/build/custom_interfaces
[1.267s] Level 1:colcon.colcon_core.shell:create_environment_hook('custom_interfaces', 'cmake_prefix_path')
[1.272s] INFO:colcon.colcon_core.shell:Creating environment hook '/home/eypan/ros2_ws/install/custom_interfaces/share/custom_interfaces/hook/cmake_prefix_path.ps1'
[1.273s] INFO:colcon.colcon_core.shell:Creating environment descriptor '/home/eypan/ros2_ws/install/custom_interfaces/share/custom_interfaces/hook/cmake_prefix_path.dsv'
[1.273s] INFO:colcon.colcon_core.shell:Creating environment hook '/home/eypan/ros2_ws/install/custom_interfaces/share/custom_interfaces/hook/cmake_prefix_path.sh'
[1.274s] Level 1:colcon.colcon_core.environment:checking '/home/eypan/ros2_ws/install/custom_interfaces/lib'
[1.274s] Level 1:colcon.colcon_core.shell:create_environment_hook('custom_interfaces', 'ld_library_path_lib')
[1.279s] INFO:colcon.colcon_core.shell:Creating environment hook '/home/eypan/ros2_ws/install/custom_interfaces/share/custom_interfaces/hook/ld_library_path_lib.ps1'
[1.280s] INFO:colcon.colcon_core.shell:Creating environment descriptor '/home/eypan/ros2_ws/install/custom_interfaces/share/custom_interfaces/hook/ld_library_path_lib.dsv'
[1.280s] INFO:colcon.colcon_core.shell:Creating environment hook '/home/eypan/ros2_ws/install/custom_interfaces/share/custom_interfaces/hook/ld_library_path_lib.sh'
[1.281s] Level 1:colcon.colcon_core.environment:checking '/home/eypan/ros2_ws/install/custom_interfaces/bin'
[1.281s] Level 1:colcon.colcon_core.environment:checking '/home/eypan/ros2_ws/install/custom_interfaces/lib/pkgconfig/custom_interfaces.pc'
[1.281s] Level 1:colcon.colcon_core.environment:checking '/home/eypan/ros2_ws/install/custom_interfaces/lib/python3.10/site-packages'
[1.282s] Level 1:colcon.colcon_core.environment:checking '/home/eypan/ros2_ws/install/custom_interfaces/bin'
[1.286s] INFO:colcon.colcon_core.shell:Creating package script '/home/eypan/ros2_ws/install/custom_interfaces/share/custom_interfaces/package.ps1'
[1.288s] INFO:colcon.colcon_core.shell:Creating package descriptor '/home/eypan/ros2_ws/install/custom_interfaces/share/custom_interfaces/package.dsv'
[1.289s] INFO:colcon.colcon_core.shell:Creating package script '/home/eypan/ros2_ws/install/custom_interfaces/share/custom_interfaces/package.sh'
[1.290s] INFO:colcon.colcon_core.shell:Creating package script '/home/eypan/ros2_ws/install/custom_interfaces/share/custom_interfaces/package.bash'
[1.291s] INFO:colcon.colcon_core.shell:Creating package script '/home/eypan/ros2_ws/install/custom_interfaces/share/custom_interfaces/package.zsh'
[1.292s] Level 1:colcon.colcon_core.environment:create_file_with_runtime_dependencies(/home/eypan/ros2_ws/install/custom_interfaces/share/colcon-core/packages/custom_interfaces)
[1.328s] DEBUG:colcon.colcon_core.event_handler.log_command:Invoking command in '/home/eypan/ros2_ws/src/brain': PYTHONPATH=/home/eypan/ros2_ws/build/brain/prefix_override:/home/eypan/ros2_ws/install/brain/lib/python3.10/site-packages:${PYTHONPATH} /usr/bin/python3 setup.py egg_info --egg-base ../../build/brain build --build-base /home/eypan/ros2_ws/build/brain/build install --record /home/eypan/ros2_ws/build/brain/install.log --single-version-externally-managed
[1.330s] DEBUG:colcon.colcon_core.event_handler.log_command:Invoking command in '/home/eypan/ros2_ws/src/perception': PYTHONPATH=/home/eypan/ros2_ws/build/perception/prefix_override:/home/eypan/ros2_ws/install/perception/lib/python3.10/site-packages:${PYTHONPATH} /usr/bin/python3 setup.py egg_info --egg-base ../../build/perception build --build-base /home/eypan/ros2_ws/build/perception/build install --record /home/eypan/ros2_ws/build/perception/install.log --single-version-externally-managed
[1.331s] DEBUG:colcon.colcon_core.event_handler.log_command:Invoking command in '/home/eypan/ros2_ws/src/actuation': PYTHONPATH=/home/eypan/ros2_ws/build/actuation/prefix_override:/home/eypan/ros2_ws/install/actuation/lib/python3.10/site-packages:${PYTHONPATH} /usr/bin/python3 setup.py egg_info --egg-base ../../build/actuation build --build-base /home/eypan/ros2_ws/build/actuation/build install --record /home/eypan/ros2_ws/build/actuation/install.log --single-version-externally-managed
[1.342s] Level 1:colcon.colcon_core.environment:create_environment_scripts_only(custom_interfaces)
[1.347s] Level 1:colcon.colcon_core.environment:checking '/home/eypan/ros2_ws/install/custom_interfaces' for CMake module files
[1.347s] Level 1:colcon.colcon_core.environment:checking '/home/eypan/ros2_ws/install/custom_interfaces' for CMake config files
[1.348s] Level 1:colcon.colcon_core.shell:create_environment_hook('custom_interfaces', 'cmake_prefix_path')
[1.351s] INFO:colcon.colcon_core.shell:Creating environment hook '/home/eypan/ros2_ws/install/custom_interfaces/share/custom_interfaces/hook/cmake_prefix_path.ps1'
[1.352s] INFO:colcon.colcon_core.shell:Creating environment descriptor '/home/eypan/ros2_ws/install/custom_interfaces/share/custom_interfaces/hook/cmake_prefix_path.dsv'
[1.352s] INFO:colcon.colcon_core.shell:Creating environment hook '/home/eypan/ros2_ws/install/custom_interfaces/share/custom_interfaces/hook/cmake_prefix_path.sh'
[1.353s] Level 1:colcon.colcon_core.environment:checking '/home/eypan/ros2_ws/install/custom_interfaces/lib'
[1.353s] Level 1:colcon.colcon_core.shell:create_environment_hook('custom_interfaces', 'ld_library_path_lib')
[1.357s] INFO:colcon.colcon_core.shell:Creating environment hook '/home/eypan/ros2_ws/install/custom_interfaces/share/custom_interfaces/hook/ld_library_path_lib.ps1'
[1.357s] INFO:colcon.colcon_core.shell:Creating environment descriptor '/home/eypan/ros2_ws/install/custom_interfaces/share/custom_interfaces/hook/ld_library_path_lib.dsv'
[1.358s] INFO:colcon.colcon_core.shell:Creating environment hook '/home/eypan/ros2_ws/install/custom_interfaces/share/custom_interfaces/hook/ld_library_path_lib.sh'
[1.358s] Level 1:colcon.colcon_core.environment:checking '/home/eypan/ros2_ws/install/custom_interfaces/bin'
[1.358s] Level 1:colcon.colcon_core.environment:checking '/home/eypan/ros2_ws/install/custom_interfaces/lib/pkgconfig/custom_interfaces.pc'
[1.358s] Level 1:colcon.colcon_core.environment:checking '/home/eypan/ros2_ws/install/custom_interfaces/lib/python3.10/site-packages'
[1.359s] Level 1:colcon.colcon_core.environment:checking '/home/eypan/ros2_ws/install/custom_interfaces/bin'
[1.362s] INFO:colcon.colcon_core.shell:Creating package script '/home/eypan/ros2_ws/install/custom_interfaces/share/custom_interfaces/package.ps1'
[1.363s] INFO:colcon.colcon_core.shell:Creating package descriptor '/home/eypan/ros2_ws/install/custom_interfaces/share/custom_interfaces/package.dsv'
[1.364s] INFO:colcon.colcon_core.shell:Creating package script '/home/eypan/ros2_ws/install/custom_interfaces/share/custom_interfaces/package.sh'
[1.364s] INFO:colcon.colcon_core.shell:Creating package script '/home/eypan/ros2_ws/install/custom_interfaces/share/custom_interfaces/package.bash'
[1.364s] INFO:colcon.colcon_core.shell:Creating package script '/home/eypan/ros2_ws/install/custom_interfaces/share/custom_interfaces/package.zsh'
[1.365s] Level 1:colcon.colcon_core.environment:create_file_with_runtime_dependencies(/home/eypan/ros2_ws/install/custom_interfaces/share/colcon-core/packages/custom_interfaces)
[1.561s] Level 1:colcon.colcon_core.environment:checking '/home/eypan/ros2_ws/install/brain' for CMake module files
[1.562s] Level 1:colcon.colcon_core.environment:checking '/home/eypan/ros2_ws/install/brain' for CMake config files
[1.562s] Level 1:colcon.colcon_core.environment:checking '/home/eypan/ros2_ws/install/brain/lib'
[1.563s] Level 1:colcon.colcon_core.environment:checking '/home/eypan/ros2_ws/install/brain/bin'
[1.563s] Level 1:colcon.colcon_core.environment:checking '/home/eypan/ros2_ws/install/brain/lib/pkgconfig/brain.pc'
[1.563s] Level 1:colcon.colcon_core.environment:checking '/home/eypan/ros2_ws/install/brain/lib/python3.10/site-packages'
[1.563s] Level 1:colcon.colcon_core.shell:create_environment_hook('brain', 'pythonpath')
[1.561s] DEBUG:colcon.colcon_core.event_handler.log_command:Invoked command in '/home/eypan/ros2_ws/src/brain' returned '0': PYTHONPATH=/home/eypan/ros2_ws/build/brain/prefix_override:/home/eypan/ros2_ws/install/brain/lib/python3.10/site-packages:${PYTHONPATH} /usr/bin/python3 setup.py egg_info --egg-base ../../build/brain build --build-base /home/eypan/ros2_ws/build/brain/build install --record /home/eypan/ros2_ws/build/brain/install.log --single-version-externally-managed
[1.567s] INFO:colcon.colcon_core.shell:Creating environment hook '/home/eypan/ros2_ws/install/brain/share/brain/hook/pythonpath.ps1'
[1.568s] INFO:colcon.colcon_core.shell:Creating environment descriptor '/home/eypan/ros2_ws/install/brain/share/brain/hook/pythonpath.dsv'
[1.569s] INFO:colcon.colcon_core.shell:Creating environment hook '/home/eypan/ros2_ws/install/brain/share/brain/hook/pythonpath.sh'
[1.569s] Level 1:colcon.colcon_core.environment:checking '/home/eypan/ros2_ws/install/brain/bin'
[1.569s] Level 1:colcon.colcon_core.environment:create_environment_scripts_only(brain)
[1.573s] INFO:colcon.colcon_core.shell:Creating package script '/home/eypan/ros2_ws/install/brain/share/brain/package.ps1'
[1.574s] INFO:colcon.colcon_core.shell:Creating package descriptor '/home/eypan/ros2_ws/install/brain/share/brain/package.dsv'
[1.575s] INFO:colcon.colcon_core.shell:Creating package script '/home/eypan/ros2_ws/install/brain/share/brain/package.sh'
[1.575s] INFO:colcon.colcon_core.shell:Creating package script '/home/eypan/ros2_ws/install/brain/share/brain/package.bash'
[1.575s] INFO:colcon.colcon_core.shell:Creating package script '/home/eypan/ros2_ws/install/brain/share/brain/package.zsh'
[1.576s] Level 1:colcon.colcon_core.environment:create_file_with_runtime_dependencies(/home/eypan/ros2_ws/install/brain/share/colcon-core/packages/brain)
[1.582s] Level 1:colcon.colcon_core.environment:checking '/home/eypan/ros2_ws/install/perception' for CMake module files
[1.582s] DEBUG:colcon.colcon_core.event_handler.log_command:Invoked command in '/home/eypan/ros2_ws/src/perception' returned '0': PYTHONPATH=/home/eypan/ros2_ws/build/perception/prefix_override:/home/eypan/ros2_ws/install/perception/lib/python3.10/site-packages:${PYTHONPATH} /usr/bin/python3 setup.py egg_info --egg-base ../../build/perception build --build-base /home/eypan/ros2_ws/build/perception/build install --record /home/eypan/ros2_ws/build/perception/install.log --single-version-externally-managed
[1.582s] Level 1:colcon.colcon_core.environment:checking '/home/eypan/ros2_ws/install/perception' for CMake config files
[1.583s] Level 1:colcon.colcon_core.environment:checking '/home/eypan/ros2_ws/install/perception/lib'
[1.583s] Level 1:colcon.colcon_core.environment:checking '/home/eypan/ros2_ws/install/perception/bin'
[1.583s] Level 1:colcon.colcon_core.environment:checking '/home/eypan/ros2_ws/install/perception/lib/pkgconfig/perception.pc'
[1.583s] Level 1:colcon.colcon_core.environment:checking '/home/eypan/ros2_ws/install/perception/lib/python3.10/site-packages'
[1.583s] Level 1:colcon.colcon_core.shell:create_environment_hook('perception', 'pythonpath')
[1.585s] INFO:colcon.colcon_core.shell:Creating environment hook '/home/eypan/ros2_ws/install/perception/share/perception/hook/pythonpath.ps1'
[1.585s] INFO:colcon.colcon_core.shell:Creating environment descriptor '/home/eypan/ros2_ws/install/perception/share/perception/hook/pythonpath.dsv'
[1.586s] INFO:colcon.colcon_core.shell:Creating environment hook '/home/eypan/ros2_ws/install/perception/share/perception/hook/pythonpath.sh'
[1.586s] Level 1:colcon.colcon_core.environment:checking '/home/eypan/ros2_ws/install/perception/bin'
[1.586s] Level 1:colcon.colcon_core.environment:create_environment_scripts_only(perception)
[1.588s] INFO:colcon.colcon_core.shell:Creating package script '/home/eypan/ros2_ws/install/perception/share/perception/package.ps1'
[1.589s] INFO:colcon.colcon_core.shell:Creating package descriptor '/home/eypan/ros2_ws/install/perception/share/perception/package.dsv'
[1.589s] INFO:colcon.colcon_core.shell:Creating package script '/home/eypan/ros2_ws/install/perception/share/perception/package.sh'
[1.589s] INFO:colcon.colcon_core.shell:Creating package script '/home/eypan/ros2_ws/install/perception/share/perception/package.bash'
[1.589s] INFO:colcon.colcon_core.shell:Creating package script '/home/eypan/ros2_ws/install/perception/share/perception/package.zsh'
[1.589s] Level 1:colcon.colcon_core.environment:create_file_with_runtime_dependencies(/home/eypan/ros2_ws/install/perception/share/colcon-core/packages/perception)
[1.595s] Level 1:colcon.colcon_core.environment:checking '/home/eypan/ros2_ws/install/actuation' for CMake module files
[1.595s] DEBUG:colcon.colcon_core.event_handler.log_command:Invoked command in '/home/eypan/ros2_ws/src/actuation' returned '0': PYTHONPATH=/home/eypan/ros2_ws/build/actuation/prefix_override:/home/eypan/ros2_ws/install/actuation/lib/python3.10/site-packages:${PYTHONPATH} /usr/bin/python3 setup.py egg_info --egg-base ../../build/actuation build --build-base /home/eypan/ros2_ws/build/actuation/build install --record /home/eypan/ros2_ws/build/actuation/install.log --single-version-externally-managed
[1.596s] Level 1:colcon.colcon_core.environment:checking '/home/eypan/ros2_ws/install/actuation' for CMake config files
[1.596s] Level 1:colcon.colcon_core.environment:checking '/home/eypan/ros2_ws/install/actuation/lib'
[1.596s] Level 1:colcon.colcon_core.environment:checking '/home/eypan/ros2_ws/install/actuation/bin'
[1.596s] Level 1:colcon.colcon_core.environment:checking '/home/eypan/ros2_ws/install/actuation/lib/pkgconfig/actuation.pc'
[1.596s] Level 1:colcon.colcon_core.environment:checking '/home/eypan/ros2_ws/install/actuation/lib/python3.10/site-packages'
[1.596s] Level 1:colcon.colcon_core.shell:create_environment_hook('actuation', 'pythonpath')
[1.598s] INFO:colcon.colcon_core.shell:Creating environment hook '/home/eypan/ros2_ws/install/actuation/share/actuation/hook/pythonpath.ps1'
[1.599s] INFO:colcon.colcon_core.shell:Creating environment descriptor '/home/eypan/ros2_ws/install/actuation/share/actuation/hook/pythonpath.dsv'
[1.599s] INFO:colcon.colcon_core.shell:Creating environment hook '/home/eypan/ros2_ws/install/actuation/share/actuation/hook/pythonpath.sh'
[1.599s] Level 1:colcon.colcon_core.environment:checking '/home/eypan/ros2_ws/install/actuation/bin'
[1.599s] Level 1:colcon.colcon_core.environment:create_environment_scripts_only(actuation)
[1.601s] INFO:colcon.colcon_core.shell:Creating package script '/home/eypan/ros2_ws/install/actuation/share/actuation/package.ps1'
[1.602s] INFO:colcon.colcon_core.shell:Creating package descriptor '/home/eypan/ros2_ws/install/actuation/share/actuation/package.dsv'
[1.602s] INFO:colcon.colcon_core.shell:Creating package script '/home/eypan/ros2_ws/install/actuation/share/actuation/package.sh'
[1.602s] INFO:colcon.colcon_core.shell:Creating package script '/home/eypan/ros2_ws/install/actuation/share/actuation/package.bash'
[1.602s] INFO:colcon.colcon_core.shell:Creating package script '/home/eypan/ros2_ws/install/actuation/share/actuation/package.zsh'
[1.602s] Level 1:colcon.colcon_core.environment:create_file_with_runtime_dependencies(/home/eypan/ros2_ws/install/actuation/share/colcon-core/packages/actuation)
[1.603s] DEBUG:colcon.colcon_parallel_executor.executor.parallel:closing loop
[1.603s] DEBUG:colcon.colcon_parallel_executor.executor.parallel:loop closed
[1.603s] DEBUG:colcon.colcon_parallel_executor.executor.parallel:run_until_complete finished with '0'
[1.603s] DEBUG:colcon.colcon_core.event_reactor:joining thread
[1.607s] INFO:colcon.colcon_core.plugin_system:Skipping extension 'colcon_notification.desktop_notification.terminal_notifier': Not used on non-Darwin systems
[1.607s] INFO:colcon.colcon_core.plugin_system:Skipping extension 'colcon_notification.desktop_notification.win32': Not used on non-Windows systems
[1.607s] INFO:colcon.colcon_notification.desktop_notification:Sending desktop notification using 'notify2'
[1.615s] DEBUG:colcon.colcon_core.event_reactor:joined thread
[1.619s] INFO:colcon.colcon_core.shell:Creating prefix script '/home/eypan/ros2_ws/install/local_setup.ps1'
[1.620s] INFO:colcon.colcon_core.shell:Creating prefix util module '/home/eypan/ros2_ws/install/_local_setup_util_ps1.py'
[1.621s] INFO:colcon.colcon_core.shell:Creating prefix chain script '/home/eypan/ros2_ws/install/setup.ps1'
[1.623s] INFO:colcon.colcon_core.shell:Creating prefix script '/home/eypan/ros2_ws/install/local_setup.sh'
[1.623s] INFO:colcon.colcon_core.shell:Creating prefix util module '/home/eypan/ros2_ws/install/_local_setup_util_sh.py'
[1.623s] INFO:colcon.colcon_core.shell:Creating prefix chain script '/home/eypan/ros2_ws/install/setup.sh'
[1.625s] INFO:colcon.colcon_core.shell:Creating prefix script '/home/eypan/ros2_ws/install/local_setup.bash'
[1.625s] INFO:colcon.colcon_core.shell:Creating prefix chain script '/home/eypan/ros2_ws/install/setup.bash'
[1.626s] INFO:colcon.colcon_core.shell:Creating prefix script '/home/eypan/ros2_ws/install/local_setup.zsh'
[1.626s] INFO:colcon.colcon_core.shell:Creating prefix chain script '/home/eypan/ros2_ws/install/setup.zsh'
