[0.010s] Invoking command in '/home/eypan/ros2_ws/build/custom_interfaces': CMAKE_PREFIX_PATH=/home/eypan/ros2_ws/install/perception:/home/eypan/install/tutorial_interfaces:/opt/ros/humble /usr/bin/cmake /home/eypan/ros2_ws/src/custom_interfaces -DCMAKE_INSTALL_PREFIX=/home/eypan/ros2_ws/install/custom_interfaces
[0.073s] -- The C compiler identification is GNU 11.4.0
[0.142s] -- The CXX compiler identification is GNU 11.4.0
[0.150s] -- Detecting C compiler ABI info
[0.196s] -- Detecting C compiler ABI info - done
[0.200s] -- Check for working C compiler: /usr/bin/cc - skipped
[0.200s] -- Detecting C compile features
[0.201s] -- Detecting C compile features - done
[0.203s] -- Detecting CXX compiler ABI info
[0.253s] -- Detecting CXX compiler ABI info - done
[0.257s] -- Check for working CXX compiler: /usr/bin/c++ - skipped
[0.257s] -- Detecting CXX compile features
[0.258s] -- Detecting CXX compile features - done
[0.261s] -- Found ament_cmake: 1.3.5 (/opt/ros/humble/share/ament_cmake/cmake)
[0.375s] -- Found Python3: /usr/bin/python3.10 (found version "3.10.12") found components: Interpreter 
[0.437s] -- Found rosidl_default_generators: 1.2.0 (/opt/ros/humble/share/rosidl_default_generators/cmake)
[0.439s] -- Using all available rosidl_typesupport_c: rosidl_typesupport_fastrtps_c;rosidl_typesupport_introspection_c
[0.444s] -- Found rosidl_adapter: 3.1.5 (/opt/ros/humble/share/rosidl_adapter/cmake)
[0.474s] -- Using all available rosidl_typesupport_cpp: rosidl_typesupport_fastrtps_cpp;rosidl_typesupport_introspection_cpp
[0.652s] -- Found ament_cmake_ros: 0.10.0 (/opt/ros/humble/share/ament_cmake_ros/cmake)
[0.767s] -- Using all available rosidl_typesupport_c: rosidl_typesupport_fastrtps_c;rosidl_typesupport_introspection_c
[0.917s] -- Using all available rosidl_typesupport_cpp: rosidl_typesupport_fastrtps_cpp;rosidl_typesupport_introspection_cpp
[0.932s] -- Found PythonInterp: /usr/bin/python3 (found suitable version "3.10.12", minimum required is "3.6") 
[0.933s] -- Found python_cmake_module: 0.10.0 (/opt/ros/humble/share/python_cmake_module/cmake)
[0.953s] -- Found PythonLibs: /usr/lib/x86_64-linux-gnu/libpython3.10.so (found suitable version "3.10.12", minimum required is "3.5") 
[0.953s] -- Using PYTHON_EXECUTABLE: /usr/bin/python3
[0.953s] -- Using PYTHON_INCLUDE_DIRS: /usr/include/python3.10
[0.953s] -- Using PYTHON_LIBRARIES: /usr/lib/x86_64-linux-gnu/libpython3.10.so
[0.966s] -- Found PythonExtra: .so  
[0.987s] -- Found ament_lint_auto: 0.12.7 (/opt/ros/humble/share/ament_lint_auto/cmake)
[1.002s] -- Added test 'lint_cmake' to check CMake code style
[1.003s] -- Added test 'xmllint' to check XML markup files
[1.004s] -- Configuring done
[1.018s] -- Generating done
[1.019s] -- Build files have been written to: /home/eypan/ros2_ws/build/custom_interfaces
[1.024s] Invoked command in '/home/eypan/ros2_ws/build/custom_interfaces' returned '0': CMAKE_PREFIX_PATH=/home/eypan/ros2_ws/install/perception:/home/eypan/install/tutorial_interfaces:/opt/ros/humble /usr/bin/cmake /home/eypan/ros2_ws/src/custom_interfaces -DCMAKE_INSTALL_PREFIX=/home/eypan/ros2_ws/install/custom_interfaces
[1.024s] Invoking command in '/home/eypan/ros2_ws/build/custom_interfaces': CMAKE_PREFIX_PATH=/home/eypan/ros2_ws/install/perception:/home/eypan/install/tutorial_interfaces:/opt/ros/humble /usr/bin/cmake --build /home/eypan/ros2_ws/build/custom_interfaces -- -j8 -l8
[1.049s] [  3%] [34m[1mGenerating C code for ROS interfaces[0m
[1.055s] [  6%] [34m[1mGenerating C++ code for ROS interfaces[0m
[1.060s] [  6%] Built target ament_cmake_python_copy_custom_interfaces
[1.223s] running egg_info
[1.224s] creating custom_interfaces.egg-info
[1.224s] writing custom_interfaces.egg-info/PKG-INFO
[1.225s] writing dependency_links to custom_interfaces.egg-info/dependency_links.txt
[1.225s] writing top-level names to custom_interfaces.egg-info/top_level.txt
[1.225s] writing manifest file 'custom_interfaces.egg-info/SOURCES.txt'
[1.227s] reading manifest file 'custom_interfaces.egg-info/SOURCES.txt'
[1.227s] writing manifest file 'custom_interfaces.egg-info/SOURCES.txt'
[1.235s] [  6%] Built target custom_interfaces__cpp
[1.242s] [ 12%] [34m[1mGenerating C++ type support dispatch for ROS interfaces[0m
[1.242s] [ 12%] [34m[1mGenerating C++ introspection for ROS interfaces[0m
[1.243s] [ 16%] [34m[1mGenerating C++ type support for eProsima Fast-RTPS[0m
[1.252s] [ 16%] Built target ament_cmake_python_build_custom_interfaces_egg
[1.252s] [ 19%] [32mBuilding C object CMakeFiles/custom_interfaces__rosidl_generator_c.dir/rosidl_generator_c/custom_interfaces/srv/detail/component_status__functions.c.o[0m
[1.304s] [ 22%] [32m[1mLinking C shared library libcustom_interfaces__rosidl_generator_c.so[0m
[1.330s] [ 22%] Built target custom_interfaces__rosidl_generator_c
[1.338s] [ 25%] [34m[1mGenerating C type support for eProsima Fast-RTPS[0m
[1.340s] [ 32%] [34m[1mGenerating C introspection for ROS interfaces[0m
[1.340s] [ 32%] [34m[1mGenerating C type support dispatch for ROS interfaces[0m
[1.426s] [ 35%] [32mBuilding CXX object CMakeFiles/custom_interfaces__rosidl_typesupport_cpp.dir/rosidl_typesupport_cpp/custom_interfaces/srv/component_status__type_support.cpp.o[0m
[1.449s] [ 38%] [32mBuilding CXX object CMakeFiles/custom_interfaces__rosidl_typesupport_introspection_cpp.dir/rosidl_typesupport_introspection_cpp/custom_interfaces/srv/detail/component_status__type_support.cpp.o[0m
[1.529s] [ 41%] [32mBuilding CXX object CMakeFiles/custom_interfaces__rosidl_typesupport_fastrtps_cpp.dir/rosidl_typesupport_fastrtps_cpp/custom_interfaces/srv/detail/dds_fastrtps/component_status__type_support.cpp.o[0m
[1.589s] [ 45%] [32mBuilding CXX object CMakeFiles/custom_interfaces__rosidl_typesupport_c.dir/rosidl_typesupport_c/custom_interfaces/srv/component_status__type_support.cpp.o[0m
[1.613s] [ 48%] [32m[1mLinking CXX shared library libcustom_interfaces__rosidl_typesupport_c.so[0m
[1.643s] [ 48%] Built target custom_interfaces__rosidl_typesupport_c
[1.686s] [ 54%] [32mBuilding C object CMakeFiles/custom_interfaces__rosidl_typesupport_introspection_c.dir/rosidl_typesupport_introspection_c/custom_interfaces/srv/detail/component_status__type_support.c.o[0m
[1.686s] [ 54%] [32mBuilding CXX object CMakeFiles/custom_interfaces__rosidl_typesupport_fastrtps_c.dir/rosidl_typesupport_fastrtps_c/custom_interfaces/srv/detail/component_status__type_support_c.cpp.o[0m
[1.710s] [ 58%] [32m[1mLinking C shared library libcustom_interfaces__rosidl_typesupport_introspection_c.so[0m
[1.733s] [ 58%] Built target custom_interfaces__rosidl_typesupport_introspection_c
[1.738s] [ 61%] [32m[1mLinking CXX shared library libcustom_interfaces__rosidl_typesupport_cpp.so[0m
[1.767s] [ 61%] Built target custom_interfaces__rosidl_typesupport_cpp
[1.820s] [ 64%] [32m[1mLinking CXX shared library libcustom_interfaces__rosidl_typesupport_introspection_cpp.so[0m
[1.824s] [ 67%] [32m[1mLinking CXX shared library libcustom_interfaces__rosidl_typesupport_fastrtps_cpp.so[0m
[1.863s] [ 67%] Built target custom_interfaces__rosidl_typesupport_introspection_cpp
[1.877s] [ 67%] Built target custom_interfaces__rosidl_typesupport_fastrtps_cpp
[1.914s] [ 70%] [32m[1mLinking CXX shared library libcustom_interfaces__rosidl_typesupport_fastrtps_c.so[0m
[1.960s] [ 70%] Built target custom_interfaces__rosidl_typesupport_fastrtps_c
[1.972s] [ 70%] Built target custom_interfaces
[1.984s] [ 74%] [34m[1mGenerating Python code for ROS interfaces[0m
[2.203s] [ 74%] Built target custom_interfaces__py
[2.215s] [ 77%] [32mBuilding C object CMakeFiles/custom_interfaces__rosidl_generator_py.dir/rosidl_generator_py/custom_interfaces/srv/_component_status_s.c.o[0m
[2.293s] [ 80%] [32m[1mLinking C shared library rosidl_generator_py/custom_interfaces/libcustom_interfaces__rosidl_generator_py.so[0m
[2.317s] [ 80%] Built target custom_interfaces__rosidl_generator_py
[2.329s] [ 87%] [32mBuilding C object CMakeFiles/custom_interfaces__rosidl_typesupport_fastrtps_c__pyext.dir/rosidl_generator_py/custom_interfaces/_custom_interfaces_s.ep.rosidl_typesupport_fastrtps_c.c.o[0m
[2.329s] [ 87%] [32mBuilding C object CMakeFiles/custom_interfaces__rosidl_typesupport_c__pyext.dir/rosidl_generator_py/custom_interfaces/_custom_interfaces_s.ep.rosidl_typesupport_c.c.o[0m
[2.329s] [ 90%] [32mBuilding C object CMakeFiles/custom_interfaces__rosidl_typesupport_introspection_c__pyext.dir/rosidl_generator_py/custom_interfaces/_custom_interfaces_s.ep.rosidl_typesupport_introspection_c.c.o[0m
[2.388s] [ 96%] [32m[1mLinking C shared library rosidl_generator_py/custom_interfaces/custom_interfaces_s__rosidl_typesupport_c.cpython-310-x86_64-linux-gnu.so[0m
[2.388s] [ 96%] [32m[1mLinking C shared library rosidl_generator_py/custom_interfaces/custom_interfaces_s__rosidl_typesupport_introspection_c.cpython-310-x86_64-linux-gnu.so[0m
[2.388s] [100%] [32m[1mLinking C shared library rosidl_generator_py/custom_interfaces/custom_interfaces_s__rosidl_typesupport_fastrtps_c.cpython-310-x86_64-linux-gnu.so[0m
[2.409s] [100%] Built target custom_interfaces__rosidl_typesupport_c__pyext
[2.409s] [100%] Built target custom_interfaces__rosidl_typesupport_fastrtps_c__pyext
[2.409s] [100%] Built target custom_interfaces__rosidl_typesupport_introspection_c__pyext
[2.416s] Invoked command in '/home/eypan/ros2_ws/build/custom_interfaces' returned '0': CMAKE_PREFIX_PATH=/home/eypan/ros2_ws/install/perception:/home/eypan/install/tutorial_interfaces:/opt/ros/humble /usr/bin/cmake --build /home/eypan/ros2_ws/build/custom_interfaces -- -j8 -l8
[2.453s] Invoking command in '/home/eypan/ros2_ws/build/custom_interfaces': CMAKE_PREFIX_PATH=/home/eypan/ros2_ws/install/perception:/home/eypan/install/tutorial_interfaces:/opt/ros/humble /usr/bin/cmake --install /home/eypan/ros2_ws/build/custom_interfaces
[2.458s] -- Install configuration: ""
[2.458s] -- Installing: /home/eypan/ros2_ws/install/custom_interfaces/share/ament_index/resource_index/rosidl_interfaces/custom_interfaces
[2.458s] -- Installing: /home/eypan/ros2_ws/install/custom_interfaces/include/custom_interfaces/custom_interfaces
[2.458s] -- Installing: /home/eypan/ros2_ws/install/custom_interfaces/include/custom_interfaces/custom_interfaces/msg
[2.458s] -- Installing: /home/eypan/ros2_ws/install/custom_interfaces/include/custom_interfaces/custom_interfaces/msg/rosidl_generator_c__visibility_control.h
[2.458s] -- Installing: /home/eypan/ros2_ws/install/custom_interfaces/include/custom_interfaces/custom_interfaces/srv
[2.458s] -- Installing: /home/eypan/ros2_ws/install/custom_interfaces/include/custom_interfaces/custom_interfaces/srv/component_status.h
[2.458s] -- Installing: /home/eypan/ros2_ws/install/custom_interfaces/include/custom_interfaces/custom_interfaces/srv/detail
[2.458s] -- Installing: /home/eypan/ros2_ws/install/custom_interfaces/include/custom_interfaces/custom_interfaces/srv/detail/component_status__struct.h
[2.458s] -- Installing: /home/eypan/ros2_ws/install/custom_interfaces/include/custom_interfaces/custom_interfaces/srv/detail/component_status__functions.c
[2.458s] -- Installing: /home/eypan/ros2_ws/install/custom_interfaces/include/custom_interfaces/custom_interfaces/srv/detail/component_status__type_support.h
[2.458s] -- Installing: /home/eypan/ros2_ws/install/custom_interfaces/include/custom_interfaces/custom_interfaces/srv/detail/component_status__functions.h
[2.458s] -- Installing: /home/eypan/ros2_ws/install/custom_interfaces/share/custom_interfaces/environment/library_path.sh
[2.458s] -- Installing: /home/eypan/ros2_ws/install/custom_interfaces/share/custom_interfaces/environment/library_path.dsv
[2.458s] -- Installing: /home/eypan/ros2_ws/install/custom_interfaces/lib/libcustom_interfaces__rosidl_generator_c.so
[2.458s] -- Set runtime path of "/home/eypan/ros2_ws/install/custom_interfaces/lib/libcustom_interfaces__rosidl_generator_c.so" to ""
[2.458s] -- Up-to-date: /home/eypan/ros2_ws/install/custom_interfaces/include/custom_interfaces/custom_interfaces
[2.459s] -- Up-to-date: /home/eypan/ros2_ws/install/custom_interfaces/include/custom_interfaces/custom_interfaces/msg
[2.459s] -- Installing: /home/eypan/ros2_ws/install/custom_interfaces/include/custom_interfaces/custom_interfaces/msg/rosidl_typesupport_fastrtps_c__visibility_control.h
[2.459s] -- Up-to-date: /home/eypan/ros2_ws/install/custom_interfaces/include/custom_interfaces/custom_interfaces/srv
[2.459s] -- Up-to-date: /home/eypan/ros2_ws/install/custom_interfaces/include/custom_interfaces/custom_interfaces/srv/detail
[2.459s] -- Installing: /home/eypan/ros2_ws/install/custom_interfaces/include/custom_interfaces/custom_interfaces/srv/detail/component_status__rosidl_typesupport_fastrtps_c.h
[2.459s] -- Installing: /home/eypan/ros2_ws/install/custom_interfaces/lib/libcustom_interfaces__rosidl_typesupport_fastrtps_c.so
[2.459s] -- Set runtime path of "/home/eypan/ros2_ws/install/custom_interfaces/lib/libcustom_interfaces__rosidl_typesupport_fastrtps_c.so" to ""
[2.459s] -- Up-to-date: /home/eypan/ros2_ws/install/custom_interfaces/include/custom_interfaces/custom_interfaces
[2.459s] -- Up-to-date: /home/eypan/ros2_ws/install/custom_interfaces/include/custom_interfaces/custom_interfaces/msg
[2.459s] -- Installing: /home/eypan/ros2_ws/install/custom_interfaces/include/custom_interfaces/custom_interfaces/msg/rosidl_typesupport_introspection_c__visibility_control.h
[2.459s] -- Up-to-date: /home/eypan/ros2_ws/install/custom_interfaces/include/custom_interfaces/custom_interfaces/srv
[2.459s] -- Up-to-date: /home/eypan/ros2_ws/install/custom_interfaces/include/custom_interfaces/custom_interfaces/srv/detail
[2.459s] -- Installing: /home/eypan/ros2_ws/install/custom_interfaces/include/custom_interfaces/custom_interfaces/srv/detail/component_status__rosidl_typesupport_introspection_c.h
[2.459s] -- Installing: /home/eypan/ros2_ws/install/custom_interfaces/include/custom_interfaces/custom_interfaces/srv/detail/component_status__type_support.c
[2.459s] -- Installing: /home/eypan/ros2_ws/install/custom_interfaces/lib/libcustom_interfaces__rosidl_typesupport_introspection_c.so
[2.459s] -- Set runtime path of "/home/eypan/ros2_ws/install/custom_interfaces/lib/libcustom_interfaces__rosidl_typesupport_introspection_c.so" to ""
[2.459s] -- Installing: /home/eypan/ros2_ws/install/custom_interfaces/lib/libcustom_interfaces__rosidl_typesupport_c.so
[2.459s] -- Set runtime path of "/home/eypan/ros2_ws/install/custom_interfaces/lib/libcustom_interfaces__rosidl_typesupport_c.so" to ""
[2.459s] -- Up-to-date: /home/eypan/ros2_ws/install/custom_interfaces/include/custom_interfaces/custom_interfaces
[2.459s] -- Up-to-date: /home/eypan/ros2_ws/install/custom_interfaces/include/custom_interfaces/custom_interfaces/srv
[2.459s] -- Up-to-date: /home/eypan/ros2_ws/install/custom_interfaces/include/custom_interfaces/custom_interfaces/srv/detail
[2.460s] -- Installing: /home/eypan/ros2_ws/install/custom_interfaces/include/custom_interfaces/custom_interfaces/srv/detail/component_status__traits.hpp
[2.460s] -- Installing: /home/eypan/ros2_ws/install/custom_interfaces/include/custom_interfaces/custom_interfaces/srv/detail/component_status__struct.hpp
[2.460s] -- Installing: /home/eypan/ros2_ws/install/custom_interfaces/include/custom_interfaces/custom_interfaces/srv/detail/component_status__builder.hpp
[2.460s] -- Installing: /home/eypan/ros2_ws/install/custom_interfaces/include/custom_interfaces/custom_interfaces/srv/component_status.hpp
[2.460s] -- Up-to-date: /home/eypan/ros2_ws/install/custom_interfaces/include/custom_interfaces/custom_interfaces
[2.460s] -- Up-to-date: /home/eypan/ros2_ws/install/custom_interfaces/include/custom_interfaces/custom_interfaces/msg
[2.460s] -- Installing: /home/eypan/ros2_ws/install/custom_interfaces/include/custom_interfaces/custom_interfaces/msg/rosidl_typesupport_fastrtps_cpp__visibility_control.h
[2.460s] -- Up-to-date: /home/eypan/ros2_ws/install/custom_interfaces/include/custom_interfaces/custom_interfaces/srv
[2.460s] -- Up-to-date: /home/eypan/ros2_ws/install/custom_interfaces/include/custom_interfaces/custom_interfaces/srv/detail
[2.460s] -- Installing: /home/eypan/ros2_ws/install/custom_interfaces/include/custom_interfaces/custom_interfaces/srv/detail/component_status__rosidl_typesupport_fastrtps_cpp.hpp
[2.460s] -- Installing: /home/eypan/ros2_ws/install/custom_interfaces/include/custom_interfaces/custom_interfaces/srv/detail/dds_fastrtps
[2.460s] -- Installing: /home/eypan/ros2_ws/install/custom_interfaces/lib/libcustom_interfaces__rosidl_typesupport_fastrtps_cpp.so
[2.460s] -- Set runtime path of "/home/eypan/ros2_ws/install/custom_interfaces/lib/libcustom_interfaces__rosidl_typesupport_fastrtps_cpp.so" to ""
[2.460s] -- Up-to-date: /home/eypan/ros2_ws/install/custom_interfaces/include/custom_interfaces/custom_interfaces
[2.460s] -- Up-to-date: /home/eypan/ros2_ws/install/custom_interfaces/include/custom_interfaces/custom_interfaces/srv
[2.460s] -- Up-to-date: /home/eypan/ros2_ws/install/custom_interfaces/include/custom_interfaces/custom_interfaces/srv/detail
[2.460s] -- Installing: /home/eypan/ros2_ws/install/custom_interfaces/include/custom_interfaces/custom_interfaces/srv/detail/component_status__rosidl_typesupport_introspection_cpp.hpp
[2.460s] -- Installing: /home/eypan/ros2_ws/install/custom_interfaces/include/custom_interfaces/custom_interfaces/srv/detail/component_status__type_support.cpp
[2.460s] -- Installing: /home/eypan/ros2_ws/install/custom_interfaces/lib/libcustom_interfaces__rosidl_typesupport_introspection_cpp.so
[2.460s] -- Set runtime path of "/home/eypan/ros2_ws/install/custom_interfaces/lib/libcustom_interfaces__rosidl_typesupport_introspection_cpp.so" to ""
[2.460s] -- Installing: /home/eypan/ros2_ws/install/custom_interfaces/lib/libcustom_interfaces__rosidl_typesupport_cpp.so
[2.460s] -- Set runtime path of "/home/eypan/ros2_ws/install/custom_interfaces/lib/libcustom_interfaces__rosidl_typesupport_cpp.so" to ""
[2.460s] -- Installing: /home/eypan/ros2_ws/install/custom_interfaces/share/custom_interfaces/environment/pythonpath.sh
[2.461s] -- Installing: /home/eypan/ros2_ws/install/custom_interfaces/share/custom_interfaces/environment/pythonpath.dsv
[2.461s] -- Installing: /home/eypan/ros2_ws/install/custom_interfaces/local/lib/python3.10/dist-packages/custom_interfaces-0.0.0-py3.10.egg-info
[2.461s] -- Installing: /home/eypan/ros2_ws/install/custom_interfaces/local/lib/python3.10/dist-packages/custom_interfaces-0.0.0-py3.10.egg-info/dependency_links.txt
[2.461s] -- Installing: /home/eypan/ros2_ws/install/custom_interfaces/local/lib/python3.10/dist-packages/custom_interfaces-0.0.0-py3.10.egg-info/PKG-INFO
[2.461s] -- Installing: /home/eypan/ros2_ws/install/custom_interfaces/local/lib/python3.10/dist-packages/custom_interfaces-0.0.0-py3.10.egg-info/SOURCES.txt
[2.461s] -- Installing: /home/eypan/ros2_ws/install/custom_interfaces/local/lib/python3.10/dist-packages/custom_interfaces-0.0.0-py3.10.egg-info/top_level.txt
[2.461s] -- Installing: /home/eypan/ros2_ws/install/custom_interfaces/local/lib/python3.10/dist-packages/custom_interfaces
[2.461s] -- Installing: /home/eypan/ros2_ws/install/custom_interfaces/local/lib/python3.10/dist-packages/custom_interfaces/libcustom_interfaces__rosidl_generator_py.so
[2.461s] -- Installing: /home/eypan/ros2_ws/install/custom_interfaces/local/lib/python3.10/dist-packages/custom_interfaces/__init__.py
[2.461s] -- Installing: /home/eypan/ros2_ws/install/custom_interfaces/local/lib/python3.10/dist-packages/custom_interfaces/custom_interfaces_s__rosidl_typesupport_fastrtps_c.cpython-310-x86_64-linux-gnu.so
[2.461s] -- Installing: /home/eypan/ros2_ws/install/custom_interfaces/local/lib/python3.10/dist-packages/custom_interfaces/_custom_interfaces_s.ep.rosidl_typesupport_fastrtps_c.c
[2.461s] -- Installing: /home/eypan/ros2_ws/install/custom_interfaces/local/lib/python3.10/dist-packages/custom_interfaces/custom_interfaces_s__rosidl_typesupport_introspection_c.cpython-310-x86_64-linux-gnu.so
[2.461s] -- Installing: /home/eypan/ros2_ws/install/custom_interfaces/local/lib/python3.10/dist-packages/custom_interfaces/srv
[2.461s] -- Installing: /home/eypan/ros2_ws/install/custom_interfaces/local/lib/python3.10/dist-packages/custom_interfaces/srv/__init__.py
[2.461s] -- Installing: /home/eypan/ros2_ws/install/custom_interfaces/local/lib/python3.10/dist-packages/custom_interfaces/srv/_component_status.py
[2.461s] -- Installing: /home/eypan/ros2_ws/install/custom_interfaces/local/lib/python3.10/dist-packages/custom_interfaces/srv/_component_status_s.c
[2.461s] -- Installing: /home/eypan/ros2_ws/install/custom_interfaces/local/lib/python3.10/dist-packages/custom_interfaces/custom_interfaces_s__rosidl_typesupport_c.cpython-310-x86_64-linux-gnu.so
[2.461s] -- Installing: /home/eypan/ros2_ws/install/custom_interfaces/local/lib/python3.10/dist-packages/custom_interfaces/_custom_interfaces_s.ep.rosidl_typesupport_introspection_c.c
[2.461s] -- Installing: /home/eypan/ros2_ws/install/custom_interfaces/local/lib/python3.10/dist-packages/custom_interfaces/_custom_interfaces_s.ep.rosidl_typesupport_c.c
[2.483s] Listing '/home/eypan/ros2_ws/install/custom_interfaces/local/lib/python3.10/dist-packages/custom_interfaces'...
[2.483s] Compiling '/home/eypan/ros2_ws/install/custom_interfaces/local/lib/python3.10/dist-packages/custom_interfaces/__init__.py'...
[2.484s] Listing '/home/eypan/ros2_ws/install/custom_interfaces/local/lib/python3.10/dist-packages/custom_interfaces/srv'...
[2.484s] Compiling '/home/eypan/ros2_ws/install/custom_interfaces/local/lib/python3.10/dist-packages/custom_interfaces/srv/__init__.py'...
[2.484s] Compiling '/home/eypan/ros2_ws/install/custom_interfaces/local/lib/python3.10/dist-packages/custom_interfaces/srv/_component_status.py'...
[2.487s] -- Installing: /home/eypan/ros2_ws/install/custom_interfaces/local/lib/python3.10/dist-packages/custom_interfaces/custom_interfaces_s__rosidl_typesupport_fastrtps_c.cpython-310-x86_64-linux-gnu.so
[2.487s] -- Set runtime path of "/home/eypan/ros2_ws/install/custom_interfaces/local/lib/python3.10/dist-packages/custom_interfaces/custom_interfaces_s__rosidl_typesupport_fastrtps_c.cpython-310-x86_64-linux-gnu.so" to ""
[2.487s] -- Installing: /home/eypan/ros2_ws/install/custom_interfaces/local/lib/python3.10/dist-packages/custom_interfaces/custom_interfaces_s__rosidl_typesupport_introspection_c.cpython-310-x86_64-linux-gnu.so
[2.487s] -- Set runtime path of "/home/eypan/ros2_ws/install/custom_interfaces/local/lib/python3.10/dist-packages/custom_interfaces/custom_interfaces_s__rosidl_typesupport_introspection_c.cpython-310-x86_64-linux-gnu.so" to ""
[2.487s] -- Installing: /home/eypan/ros2_ws/install/custom_interfaces/local/lib/python3.10/dist-packages/custom_interfaces/custom_interfaces_s__rosidl_typesupport_c.cpython-310-x86_64-linux-gnu.so
[2.487s] -- Set runtime path of "/home/eypan/ros2_ws/install/custom_interfaces/local/lib/python3.10/dist-packages/custom_interfaces/custom_interfaces_s__rosidl_typesupport_c.cpython-310-x86_64-linux-gnu.so" to ""
[2.487s] -- Installing: /home/eypan/ros2_ws/install/custom_interfaces/lib/libcustom_interfaces__rosidl_generator_py.so
[2.487s] -- Set runtime path of "/home/eypan/ros2_ws/install/custom_interfaces/lib/libcustom_interfaces__rosidl_generator_py.so" to ""
[2.487s] -- Installing: /home/eypan/ros2_ws/install/custom_interfaces/share/custom_interfaces/srv/ComponentStatus.idl
[2.487s] -- Installing: /home/eypan/ros2_ws/install/custom_interfaces/share/custom_interfaces/srv/ComponentStatus.srv
[2.487s] -- Installing: /home/eypan/ros2_ws/install/custom_interfaces/share/custom_interfaces/srv/ComponentStatus_Request.msg
[2.487s] -- Installing: /home/eypan/ros2_ws/install/custom_interfaces/share/custom_interfaces/srv/ComponentStatus_Response.msg
[2.487s] -- Installing: /home/eypan/ros2_ws/install/custom_interfaces/share/ament_index/resource_index/package_run_dependencies/custom_interfaces
[2.487s] -- Installing: /home/eypan/ros2_ws/install/custom_interfaces/share/ament_index/resource_index/parent_prefix_path/custom_interfaces
[2.488s] -- Installing: /home/eypan/ros2_ws/install/custom_interfaces/share/custom_interfaces/environment/ament_prefix_path.sh
[2.488s] -- Installing: /home/eypan/ros2_ws/install/custom_interfaces/share/custom_interfaces/environment/ament_prefix_path.dsv
[2.488s] -- Installing: /home/eypan/ros2_ws/install/custom_interfaces/share/custom_interfaces/environment/path.sh
[2.488s] -- Installing: /home/eypan/ros2_ws/install/custom_interfaces/share/custom_interfaces/environment/path.dsv
[2.488s] -- Installing: /home/eypan/ros2_ws/install/custom_interfaces/share/custom_interfaces/local_setup.bash
[2.488s] -- Installing: /home/eypan/ros2_ws/install/custom_interfaces/share/custom_interfaces/local_setup.sh
[2.488s] -- Installing: /home/eypan/ros2_ws/install/custom_interfaces/share/custom_interfaces/local_setup.zsh
[2.488s] -- Installing: /home/eypan/ros2_ws/install/custom_interfaces/share/custom_interfaces/local_setup.dsv
[2.488s] -- Installing: /home/eypan/ros2_ws/install/custom_interfaces/share/custom_interfaces/package.dsv
[2.488s] -- Installing: /home/eypan/ros2_ws/install/custom_interfaces/share/ament_index/resource_index/packages/custom_interfaces
[2.488s] -- Installing: /home/eypan/ros2_ws/install/custom_interfaces/share/custom_interfaces/cmake/export_custom_interfaces__rosidl_generator_cExport.cmake
[2.488s] -- Installing: /home/eypan/ros2_ws/install/custom_interfaces/share/custom_interfaces/cmake/export_custom_interfaces__rosidl_generator_cExport-noconfig.cmake
[2.488s] -- Installing: /home/eypan/ros2_ws/install/custom_interfaces/share/custom_interfaces/cmake/export_custom_interfaces__rosidl_typesupport_fastrtps_cExport.cmake
[2.488s] -- Installing: /home/eypan/ros2_ws/install/custom_interfaces/share/custom_interfaces/cmake/export_custom_interfaces__rosidl_typesupport_fastrtps_cExport-noconfig.cmake
[2.488s] -- Installing: /home/eypan/ros2_ws/install/custom_interfaces/share/custom_interfaces/cmake/custom_interfaces__rosidl_typesupport_introspection_cExport.cmake
[2.488s] -- Installing: /home/eypan/ros2_ws/install/custom_interfaces/share/custom_interfaces/cmake/custom_interfaces__rosidl_typesupport_introspection_cExport-noconfig.cmake
[2.488s] -- Installing: /home/eypan/ros2_ws/install/custom_interfaces/share/custom_interfaces/cmake/custom_interfaces__rosidl_typesupport_cExport.cmake
[2.489s] -- Installing: /home/eypan/ros2_ws/install/custom_interfaces/share/custom_interfaces/cmake/custom_interfaces__rosidl_typesupport_cExport-noconfig.cmake
[2.489s] -- Installing: /home/eypan/ros2_ws/install/custom_interfaces/share/custom_interfaces/cmake/export_custom_interfaces__rosidl_generator_cppExport.cmake
[2.489s] -- Installing: /home/eypan/ros2_ws/install/custom_interfaces/share/custom_interfaces/cmake/export_custom_interfaces__rosidl_typesupport_fastrtps_cppExport.cmake
[2.489s] -- Installing: /home/eypan/ros2_ws/install/custom_interfaces/share/custom_interfaces/cmake/export_custom_interfaces__rosidl_typesupport_fastrtps_cppExport-noconfig.cmake
[2.489s] -- Installing: /home/eypan/ros2_ws/install/custom_interfaces/share/custom_interfaces/cmake/custom_interfaces__rosidl_typesupport_introspection_cppExport.cmake
[2.489s] -- Installing: /home/eypan/ros2_ws/install/custom_interfaces/share/custom_interfaces/cmake/custom_interfaces__rosidl_typesupport_introspection_cppExport-noconfig.cmake
[2.489s] -- Installing: /home/eypan/ros2_ws/install/custom_interfaces/share/custom_interfaces/cmake/custom_interfaces__rosidl_typesupport_cppExport.cmake
[2.489s] -- Installing: /home/eypan/ros2_ws/install/custom_interfaces/share/custom_interfaces/cmake/custom_interfaces__rosidl_typesupport_cppExport-noconfig.cmake
[2.489s] -- Installing: /home/eypan/ros2_ws/install/custom_interfaces/share/custom_interfaces/cmake/export_custom_interfaces__rosidl_generator_pyExport.cmake
[2.489s] -- Installing: /home/eypan/ros2_ws/install/custom_interfaces/share/custom_interfaces/cmake/export_custom_interfaces__rosidl_generator_pyExport-noconfig.cmake
[2.489s] -- Installing: /home/eypan/ros2_ws/install/custom_interfaces/share/custom_interfaces/cmake/rosidl_cmake-extras.cmake
[2.489s] -- Installing: /home/eypan/ros2_ws/install/custom_interfaces/share/custom_interfaces/cmake/ament_cmake_export_include_directories-extras.cmake
[2.489s] -- Installing: /home/eypan/ros2_ws/install/custom_interfaces/share/custom_interfaces/cmake/ament_cmake_export_libraries-extras.cmake
[2.489s] -- Installing: /home/eypan/ros2_ws/install/custom_interfaces/share/custom_interfaces/cmake/ament_cmake_export_targets-extras.cmake
[2.489s] -- Installing: /home/eypan/ros2_ws/install/custom_interfaces/share/custom_interfaces/cmake/rosidl_cmake_export_typesupport_targets-extras.cmake
[2.489s] -- Installing: /home/eypan/ros2_ws/install/custom_interfaces/share/custom_interfaces/cmake/ament_cmake_export_dependencies-extras.cmake
[2.489s] -- Installing: /home/eypan/ros2_ws/install/custom_interfaces/share/custom_interfaces/cmake/rosidl_cmake_export_typesupport_libraries-extras.cmake
[2.489s] -- Installing: /home/eypan/ros2_ws/install/custom_interfaces/share/custom_interfaces/cmake/custom_interfacesConfig.cmake
[2.490s] -- Installing: /home/eypan/ros2_ws/install/custom_interfaces/share/custom_interfaces/cmake/custom_interfacesConfig-version.cmake
[2.490s] -- Installing: /home/eypan/ros2_ws/install/custom_interfaces/share/custom_interfaces/package.xml
[2.491s] Invoked command in '/home/eypan/ros2_ws/build/custom_interfaces' returned '0': CMAKE_PREFIX_PATH=/home/eypan/ros2_ws/install/perception:/home/eypan/install/tutorial_interfaces:/opt/ros/humble /usr/bin/cmake --install /home/eypan/ros2_ws/build/custom_interfaces
