[0.917s] Invoking command in '/home/eypan/ros2_ws/src/brain': PYTHONPATH=/home/eypan/ros2_ws/build/brain/prefix_override:/home/eypan/ros2_ws/install/brain/lib/python3.10/site-packages:${PYTHONPATH} /usr/bin/python3 setup.py egg_info --egg-base ../../build/brain build --build-base /home/eypan/ros2_ws/build/brain/build install --record /home/eypan/ros2_ws/build/brain/install.log --single-version-externally-managed
[1.096s] running egg_info
[1.096s] writing ../../build/brain/brain.egg-info/PKG-INFO
[1.097s] writing dependency_links to ../../build/brain/brain.egg-info/dependency_links.txt
[1.097s] writing entry points to ../../build/brain/brain.egg-info/entry_points.txt
[1.097s] writing requirements to ../../build/brain/brain.egg-info/requires.txt
[1.097s] writing top-level names to ../../build/brain/brain.egg-info/top_level.txt
[1.098s] reading manifest file '../../build/brain/brain.egg-info/SOURCES.txt'
[1.099s] writing manifest file '../../build/brain/brain.egg-info/SOURCES.txt'
[1.099s] running build
[1.099s] running build_py
[1.099s] copying brain/brain_node.py -> /home/eypan/ros2_ws/build/brain/build/lib/brain
[1.099s] running install
[1.099s] running install_lib
[1.100s] copying /home/eypan/ros2_ws/build/brain/build/lib/brain/brain_node.py -> /home/eypan/ros2_ws/install/brain/lib/python3.10/site-packages/brain
[1.100s] byte-compiling /home/eypan/ros2_ws/install/brain/lib/python3.10/site-packages/brain/brain_node.py to brain_node.cpython-310.pyc
[1.100s] running install_data
[1.101s] running install_egg_info
[1.102s] removing '/home/eypan/ros2_ws/install/brain/lib/python3.10/site-packages/brain-0.0.0-py3.10.egg-info' (and everything under it)
[1.102s] Copying ../../build/brain/brain.egg-info to /home/eypan/ros2_ws/install/brain/lib/python3.10/site-packages/brain-0.0.0-py3.10.egg-info
[1.103s] running install_scripts
[1.118s] Installing brain script to /home/eypan/ros2_ws/install/brain/lib/brain
[1.118s] writing list of installed files to '/home/eypan/ros2_ws/build/brain/install.log'
[1.147s] Invoked command in '/home/eypan/ros2_ws/src/brain' returned '0': PYTHONPATH=/home/eypan/ros2_ws/build/brain/prefix_override:/home/eypan/ros2_ws/install/brain/lib/python3.10/site-packages:${PYTHONPATH} /usr/bin/python3 setup.py egg_info --egg-base ../../build/brain build --build-base /home/eypan/ros2_ws/build/brain/build install --record /home/eypan/ros2_ws/build/brain/install.log --single-version-externally-managed
