[0.868s] Invoking command in '/home/eypan/ros2_ws/src/brain': PYTHONPATH=/home/eypan/ros2_ws/build/brain/prefix_override:/home/eypan/ros2_ws/install/brain/lib/python3.10/site-packages:${PYTHONPATH} /usr/bin/python3 setup.py egg_info --egg-base ../../build/brain build --build-base /home/eypan/ros2_ws/build/brain/build install --record /home/eypan/ros2_ws/build/brain/install.log --single-version-externally-managed
[1.038s] running egg_info
[1.039s] writing ../../build/brain/brain.egg-info/PKG-INFO
[1.039s] writing dependency_links to ../../build/brain/brain.egg-info/dependency_links.txt
[1.039s] writing entry points to ../../build/brain/brain.egg-info/entry_points.txt
[1.039s] writing requirements to ../../build/brain/brain.egg-info/requires.txt
[1.039s] writing top-level names to ../../build/brain/brain.egg-info/top_level.txt
[1.040s] reading manifest file '../../build/brain/brain.egg-info/SOURCES.txt'
[1.041s] writing manifest file '../../build/brain/brain.egg-info/SOURCES.txt'
[1.041s] running build
[1.041s] running build_py
[1.041s] running install
[1.041s] running install_lib
[1.042s] running install_data
[1.042s] copying package.xml -> /home/eypan/ros2_ws/install/brain/share/brain
[1.042s] running install_egg_info
[1.043s] removing '/home/eypan/ros2_ws/install/brain/lib/python3.10/site-packages/brain-0.0.0-py3.10.egg-info' (and everything under it)
[1.044s] Copying ../../build/brain/brain.egg-info to /home/eypan/ros2_ws/install/brain/lib/python3.10/site-packages/brain-0.0.0-py3.10.egg-info
[1.044s] running install_scripts
[1.060s] Installing brain script to /home/eypan/ros2_ws/install/brain/lib/brain
[1.060s] writing list of installed files to '/home/eypan/ros2_ws/build/brain/install.log'
[1.088s] Invoked command in '/home/eypan/ros2_ws/src/brain' returned '0': PYTHONPATH=/home/eypan/ros2_ws/build/brain/prefix_override:/home/eypan/ros2_ws/install/brain/lib/python3.10/site-packages:${PYTHONPATH} /usr/bin/python3 setup.py egg_info --egg-base ../../build/brain build --build-base /home/eypan/ros2_ws/build/brain/build install --record /home/eypan/ros2_ws/build/brain/install.log --single-version-externally-managed
