[0.854s] Invoking command in '/home/eypan/ros2_ws/src/actuation': PYTHONPATH=/home/eypan/ros2_ws/build/actuation/prefix_override:/home/eypan/ros2_ws/install/actuation/lib/python3.10/site-packages:${PYTHONPATH} /usr/bin/python3 setup.py egg_info --egg-base ../../build/actuation build --build-base /home/eypan/ros2_ws/build/actuation/build install --record /home/eypan/ros2_ws/build/actuation/install.log --single-version-externally-managed
[1.014s] running egg_info
[1.015s] writing ../../build/actuation/actuation.egg-info/PKG-INFO
[1.015s] writing dependency_links to ../../build/actuation/actuation.egg-info/dependency_links.txt
[1.015s] writing entry points to ../../build/actuation/actuation.egg-info/entry_points.txt
[1.016s] writing requirements to ../../build/actuation/actuation.egg-info/requires.txt
[1.016s] writing top-level names to ../../build/actuation/actuation.egg-info/top_level.txt
[1.017s] reading manifest file '../../build/actuation/actuation.egg-info/SOURCES.txt'
[1.017s] writing manifest file '../../build/actuation/actuation.egg-info/SOURCES.txt'
[1.018s] running build
[1.018s] running build_py
[1.018s] copying actuation/actuation_node.py -> /home/eypan/ros2_ws/build/actuation/build/lib/actuation
[1.018s] running install
[1.018s] running install_lib
[1.019s] copying /home/eypan/ros2_ws/build/actuation/build/lib/actuation/actuation_node.py -> /home/eypan/ros2_ws/install/actuation/lib/python3.10/site-packages/actuation
[1.019s] byte-compiling /home/eypan/ros2_ws/install/actuation/lib/python3.10/site-packages/actuation/actuation_node.py to actuation_node.cpython-310.pyc
[1.019s] running install_data
[1.020s] running install_egg_info
[1.021s] removing '/home/eypan/ros2_ws/install/actuation/lib/python3.10/site-packages/actuation-0.0.0-py3.10.egg-info' (and everything under it)
[1.021s] Copying ../../build/actuation/actuation.egg-info to /home/eypan/ros2_ws/install/actuation/lib/python3.10/site-packages/actuation-0.0.0-py3.10.egg-info
[1.021s] running install_scripts
[1.035s] Installing actuation script to /home/eypan/ros2_ws/install/actuation/lib/actuation
[1.035s] writing list of installed files to '/home/eypan/ros2_ws/build/actuation/install.log'
[1.073s] Invoked command in '/home/eypan/ros2_ws/src/actuation' returned '0': PYTHONPATH=/home/eypan/ros2_ws/build/actuation/prefix_override:/home/eypan/ros2_ws/install/actuation/lib/python3.10/site-packages:${PYTHONPATH} /usr/bin/python3 setup.py egg_info --egg-base ../../build/actuation build --build-base /home/eypan/ros2_ws/build/actuation/build install --record /home/eypan/ros2_ws/build/actuation/install.log --single-version-externally-managed
