running egg_info
writing ../../build/actuation/actuation.egg-info/PKG-INFO
writing dependency_links to ../../build/actuation/actuation.egg-info/dependency_links.txt
writing entry points to ../../build/actuation/actuation.egg-info/entry_points.txt
writing requirements to ../../build/actuation/actuation.egg-info/requires.txt
writing top-level names to ../../build/actuation/actuation.egg-info/top_level.txt
reading manifest file '../../build/actuation/actuation.egg-info/SOURCES.txt'
writing manifest file '../../build/actuation/actuation.egg-info/SOURCES.txt'
running build
running build_py
copying actuation/actuation_node.py -> /home/eypan/ros2_ws/build/actuation/build/lib/actuation
running install
running install_lib
copying /home/eypan/ros2_ws/build/actuation/build/lib/actuation/actuation_node.py -> /home/eypan/ros2_ws/install/actuation/lib/python3.10/site-packages/actuation
byte-compiling /home/eypan/ros2_ws/install/actuation/lib/python3.10/site-packages/actuation/actuation_node.py to actuation_node.cpython-310.pyc
running install_data
copying package.xml -> /home/eypan/ros2_ws/install/actuation/share/actuation
running install_egg_info
removing '/home/eypan/ros2_ws/install/actuation/lib/python3.10/site-packages/actuation-0.0.0-py3.10.egg-info' (and everything under it)
Copying ../../build/actuation/actuation.egg-info to /home/eypan/ros2_ws/install/actuation/lib/python3.10/site-packages/actuation-0.0.0-py3.10.egg-info
running install_scripts
Installing actuation script to /home/eypan/ros2_ws/install/actuation/lib/actuation
writing list of installed files to '/home/eypan/ros2_ws/build/actuation/install.log'
