[0.261s] DEBUG:colcon:Command line arguments: ['/usr/bin/colcon', 'build']
[0.262s] DEBUG:colcon:Parsed command line arguments: Namespace(log_base=None, log_level=None, verb_name='build', build_base='build', install_base='install', merge_install=False, symlink_install=False, test_result_base=None, continue_on_error=False, executor='parallel', parallel_workers=8, event_handlers=None, ignore_user_meta=False, metas=['./colcon.meta'], base_paths=['.'], packages_ignore=None, packages_ignore_regex=None, paths=None, packages_up_to=None, packages_up_to_regex=None, packages_above=None, packages_above_and_dependencies=None, packages_above_depth=None, packages_select_by_dep=None, packages_skip_by_dep=None, packages_skip_up_to=None, packages_select_build_failed=False, packages_skip_build_finished=False, packages_select_test_failures=False, packages_skip_test_passed=False, packages_select=None, packages_skip=None, packages_select_regex=None, packages_skip_regex=None, packages_start=None, packages_end=None, allow_overriding=[], cmake_args=None, cmake_target=None, cmake_target_skip_unavailable=False, cmake_clean_cache=False, cmake_clean_first=False, cmake_force_configure=False, ament_cmake_args=None, catkin_cmake_args=None, catkin_skip_building_tests=False, verb_parser=<colcon_defaults.argument_parser.defaults.DefaultArgumentsDecorator object at 0x7f46f83a0910>, verb_extension=<colcon_core.verb.build.BuildVerb object at 0x7f46f83a0340>, main=<bound method BuildVerb.main of <colcon_core.verb.build.BuildVerb object at 0x7f46f83a0340>>)
[0.286s] Level 1:colcon.colcon_core.package_discovery:discover_packages(colcon_meta) check parameters
[0.286s] Level 1:colcon.colcon_core.package_discovery:discover_packages(recursive) check parameters
[0.286s] Level 1:colcon.colcon_core.package_discovery:discover_packages(ignore) check parameters
[0.286s] Level 1:colcon.colcon_core.package_discovery:discover_packages(path) check parameters
[0.286s] Level 1:colcon.colcon_core.package_discovery:discover_packages(colcon_meta) discover
[0.286s] Level 1:colcon.colcon_core.package_discovery:discover_packages(recursive) discover
[0.286s] INFO:colcon.colcon_core.package_discovery:Crawling recursively for packages in '/home/eypan/ros2_ws'
[0.286s] Level 1:colcon.colcon_core.package_identification:_identify(.) by extensions ['ignore', 'ignore_ament_install']
[0.286s] Level 1:colcon.colcon_core.package_identification:_identify(.) by extension 'ignore'
[0.286s] Level 1:colcon.colcon_core.package_identification:_identify(.) by extension 'ignore_ament_install'
[0.286s] Level 1:colcon.colcon_core.package_identification:_identify(.) by extensions ['colcon_pkg']
[0.286s] Level 1:colcon.colcon_core.package_identification:_identify(.) by extension 'colcon_pkg'
[0.286s] Level 1:colcon.colcon_core.package_identification:_identify(.) by extensions ['colcon_meta']
[0.286s] Level 1:colcon.colcon_core.package_identification:_identify(.) by extension 'colcon_meta'
[0.286s] Level 1:colcon.colcon_core.package_identification:_identify(.) by extensions ['ros']
[0.286s] Level 1:colcon.colcon_core.package_identification:_identify(.) by extension 'ros'
[0.294s] Level 1:colcon.colcon_core.package_identification:_identify(.) by extensions ['cmake', 'python']
[0.294s] Level 1:colcon.colcon_core.package_identification:_identify(.) by extension 'cmake'
[0.294s] Level 1:colcon.colcon_core.package_identification:_identify(.) by extension 'python'
[0.294s] Level 1:colcon.colcon_core.package_identification:_identify(.) by extensions ['python_setup_py']
[0.294s] Level 1:colcon.colcon_core.package_identification:_identify(.) by extension 'python_setup_py'
[0.294s] Level 1:colcon.colcon_core.package_identification:_identify(build) by extensions ['ignore', 'ignore_ament_install']
[0.294s] Level 1:colcon.colcon_core.package_identification:_identify(build) by extension 'ignore'
[0.294s] Level 1:colcon.colcon_core.package_identification:_identify(build) ignored
[0.294s] Level 1:colcon.colcon_core.package_identification:_identify(install) by extensions ['ignore', 'ignore_ament_install']
[0.295s] Level 1:colcon.colcon_core.package_identification:_identify(install) by extension 'ignore'
[0.295s] Level 1:colcon.colcon_core.package_identification:_identify(install) ignored
[0.295s] Level 1:colcon.colcon_core.package_identification:_identify(log) by extensions ['ignore', 'ignore_ament_install']
[0.295s] Level 1:colcon.colcon_core.package_identification:_identify(log) by extension 'ignore'
[0.295s] Level 1:colcon.colcon_core.package_identification:_identify(log) ignored
[0.295s] Level 1:colcon.colcon_core.package_identification:_identify(src) by extensions ['ignore', 'ignore_ament_install']
[0.295s] Level 1:colcon.colcon_core.package_identification:_identify(src) by extension 'ignore'
[0.295s] Level 1:colcon.colcon_core.package_identification:_identify(src) by extension 'ignore_ament_install'
[0.295s] Level 1:colcon.colcon_core.package_identification:_identify(src) by extensions ['colcon_pkg']
[0.295s] Level 1:colcon.colcon_core.package_identification:_identify(src) by extension 'colcon_pkg'
[0.295s] Level 1:colcon.colcon_core.package_identification:_identify(src) by extensions ['colcon_meta']
[0.295s] Level 1:colcon.colcon_core.package_identification:_identify(src) by extension 'colcon_meta'
[0.295s] Level 1:colcon.colcon_core.package_identification:_identify(src) by extensions ['ros']
[0.295s] Level 1:colcon.colcon_core.package_identification:_identify(src) by extension 'ros'
[0.295s] Level 1:colcon.colcon_core.package_identification:_identify(src) by extensions ['cmake', 'python']
[0.295s] Level 1:colcon.colcon_core.package_identification:_identify(src) by extension 'cmake'
[0.295s] Level 1:colcon.colcon_core.package_identification:_identify(src) by extension 'python'
[0.295s] Level 1:colcon.colcon_core.package_identification:_identify(src) by extensions ['python_setup_py']
[0.295s] Level 1:colcon.colcon_core.package_identification:_identify(src) by extension 'python_setup_py'
[0.295s] Level 1:colcon.colcon_core.package_identification:_identify(src/actuation) by extensions ['ignore', 'ignore_ament_install']
[0.295s] Level 1:colcon.colcon_core.package_identification:_identify(src/actuation) by extension 'ignore'
[0.295s] Level 1:colcon.colcon_core.package_identification:_identify(src/actuation) by extension 'ignore_ament_install'
[0.295s] Level 1:colcon.colcon_core.package_identification:_identify(src/actuation) by extensions ['colcon_pkg']
[0.295s] Level 1:colcon.colcon_core.package_identification:_identify(src/actuation) by extension 'colcon_pkg'
[0.295s] Level 1:colcon.colcon_core.package_identification:_identify(src/actuation) by extensions ['colcon_meta']
[0.295s] Level 1:colcon.colcon_core.package_identification:_identify(src/actuation) by extension 'colcon_meta'
[0.295s] Level 1:colcon.colcon_core.package_identification:_identify(src/actuation) by extensions ['ros']
[0.295s] Level 1:colcon.colcon_core.package_identification:_identify(src/actuation) by extension 'ros'
[0.297s] DEBUG:colcon.colcon_core.package_identification:Package 'src/actuation' with type 'ros.ament_python' and name 'actuation'
[0.297s] Level 1:colcon.colcon_core.package_identification:_identify(src/brain) by extensions ['ignore', 'ignore_ament_install']
[0.297s] Level 1:colcon.colcon_core.package_identification:_identify(src/brain) by extension 'ignore'
[0.297s] Level 1:colcon.colcon_core.package_identification:_identify(src/brain) by extension 'ignore_ament_install'
[0.297s] Level 1:colcon.colcon_core.package_identification:_identify(src/brain) by extensions ['colcon_pkg']
[0.297s] Level 1:colcon.colcon_core.package_identification:_identify(src/brain) by extension 'colcon_pkg'
[0.297s] Level 1:colcon.colcon_core.package_identification:_identify(src/brain) by extensions ['colcon_meta']
[0.297s] Level 1:colcon.colcon_core.package_identification:_identify(src/brain) by extension 'colcon_meta'
[0.297s] Level 1:colcon.colcon_core.package_identification:_identify(src/brain) by extensions ['ros']
[0.297s] Level 1:colcon.colcon_core.package_identification:_identify(src/brain) by extension 'ros'
[0.298s] DEBUG:colcon.colcon_core.package_identification:Package 'src/brain' with type 'ros.ament_python' and name 'brain'
[0.298s] Level 1:colcon.colcon_core.package_identification:_identify(src/custom_interfaces) by extensions ['ignore', 'ignore_ament_install']
[0.298s] Level 1:colcon.colcon_core.package_identification:_identify(src/custom_interfaces) by extension 'ignore'
[0.298s] Level 1:colcon.colcon_core.package_identification:_identify(src/custom_interfaces) by extension 'ignore_ament_install'
[0.298s] Level 1:colcon.colcon_core.package_identification:_identify(src/custom_interfaces) by extensions ['colcon_pkg']
[0.298s] Level 1:colcon.colcon_core.package_identification:_identify(src/custom_interfaces) by extension 'colcon_pkg'
[0.298s] Level 1:colcon.colcon_core.package_identification:_identify(src/custom_interfaces) by extensions ['colcon_meta']
[0.298s] Level 1:colcon.colcon_core.package_identification:_identify(src/custom_interfaces) by extension 'colcon_meta'
[0.298s] Level 1:colcon.colcon_core.package_identification:_identify(src/custom_interfaces) by extensions ['ros']
[0.298s] Level 1:colcon.colcon_core.package_identification:_identify(src/custom_interfaces) by extension 'ros'
[0.299s] DEBUG:colcon.colcon_core.package_identification:Package 'src/custom_interfaces' with type 'ros.ament_cmake' and name 'custom_interfaces'
[0.299s] Level 1:colcon.colcon_core.package_identification:_identify(src/perception) by extensions ['ignore', 'ignore_ament_install']
[0.299s] Level 1:colcon.colcon_core.package_identification:_identify(src/perception) by extension 'ignore'
[0.299s] Level 1:colcon.colcon_core.package_identification:_identify(src/perception) by extension 'ignore_ament_install'
[0.299s] Level 1:colcon.colcon_core.package_identification:_identify(src/perception) by extensions ['colcon_pkg']
[0.299s] Level 1:colcon.colcon_core.package_identification:_identify(src/perception) by extension 'colcon_pkg'
[0.299s] Level 1:colcon.colcon_core.package_identification:_identify(src/perception) by extensions ['colcon_meta']
[0.299s] Level 1:colcon.colcon_core.package_identification:_identify(src/perception) by extension 'colcon_meta'
[0.299s] Level 1:colcon.colcon_core.package_identification:_identify(src/perception) by extensions ['ros']
[0.299s] Level 1:colcon.colcon_core.package_identification:_identify(src/perception) by extension 'ros'
[0.299s] DEBUG:colcon.colcon_core.package_identification:Package 'src/perception' with type 'ros.ament_python' and name 'perception'
[0.299s] Level 1:colcon.colcon_core.package_discovery:discover_packages(recursive) using defaults
[0.299s] Level 1:colcon.colcon_core.package_discovery:discover_packages(ignore) discover
[0.299s] Level 1:colcon.colcon_core.package_discovery:discover_packages(ignore) using defaults
[0.299s] Level 1:colcon.colcon_core.package_discovery:discover_packages(path) discover
[0.299s] Level 1:colcon.colcon_core.package_discovery:discover_packages(path) using defaults
[0.320s] Level 1:colcon.colcon_core.package_discovery:discover_packages(prefix_path) check parameters
[0.320s] Level 1:colcon.colcon_core.package_discovery:discover_packages(prefix_path) discover
[0.323s] DEBUG:colcon.colcon_installed_package_information.package_discovery:Found 3 installed packages in /home/eypan/ros2_ws/install
[0.324s] DEBUG:colcon.colcon_installed_package_information.package_discovery:Found 1 installed packages in /home/eypan/install
[0.325s] DEBUG:colcon.colcon_installed_package_information.package_discovery:Found 270 installed packages in /opt/ros/humble
[0.326s] Level 1:colcon.colcon_core.package_discovery:discover_packages(prefix_path) using defaults
[0.360s] Level 5:colcon.colcon_core.verb:set package 'actuation' build argument 'cmake_args' from command line to 'None'
[0.360s] Level 5:colcon.colcon_core.verb:set package 'actuation' build argument 'cmake_target' from command line to 'None'
[0.360s] Level 5:colcon.colcon_core.verb:set package 'actuation' build argument 'cmake_target_skip_unavailable' from command line to 'False'
[0.360s] Level 5:colcon.colcon_core.verb:set package 'actuation' build argument 'cmake_clean_cache' from command line to 'False'
[0.360s] Level 5:colcon.colcon_core.verb:set package 'actuation' build argument 'cmake_clean_first' from command line to 'False'
[0.360s] Level 5:colcon.colcon_core.verb:set package 'actuation' build argument 'cmake_force_configure' from command line to 'False'
[0.360s] Level 5:colcon.colcon_core.verb:set package 'actuation' build argument 'ament_cmake_args' from command line to 'None'
[0.360s] Level 5:colcon.colcon_core.verb:set package 'actuation' build argument 'catkin_cmake_args' from command line to 'None'
[0.360s] Level 5:colcon.colcon_core.verb:set package 'actuation' build argument 'catkin_skip_building_tests' from command line to 'False'
[0.360s] DEBUG:colcon.colcon_core.verb:Building package 'actuation' with the following arguments: {'ament_cmake_args': None, 'build_base': '/home/eypan/ros2_ws/build/actuation', 'catkin_cmake_args': None, 'catkin_skip_building_tests': False, 'cmake_args': None, 'cmake_clean_cache': False, 'cmake_clean_first': False, 'cmake_force_configure': False, 'cmake_target': None, 'cmake_target_skip_unavailable': False, 'install_base': '/home/eypan/ros2_ws/install/actuation', 'merge_install': False, 'path': '/home/eypan/ros2_ws/src/actuation', 'symlink_install': False, 'test_result_base': None}
[0.361s] Level 5:colcon.colcon_core.verb:set package 'brain' build argument 'cmake_args' from command line to 'None'
[0.361s] Level 5:colcon.colcon_core.verb:set package 'brain' build argument 'cmake_target' from command line to 'None'
[0.361s] Level 5:colcon.colcon_core.verb:set package 'brain' build argument 'cmake_target_skip_unavailable' from command line to 'False'
[0.361s] Level 5:colcon.colcon_core.verb:set package 'brain' build argument 'cmake_clean_cache' from command line to 'False'
[0.361s] Level 5:colcon.colcon_core.verb:set package 'brain' build argument 'cmake_clean_first' from command line to 'False'
[0.361s] Level 5:colcon.colcon_core.verb:set package 'brain' build argument 'cmake_force_configure' from command line to 'False'
[0.361s] Level 5:colcon.colcon_core.verb:set package 'brain' build argument 'ament_cmake_args' from command line to 'None'
[0.361s] Level 5:colcon.colcon_core.verb:set package 'brain' build argument 'catkin_cmake_args' from command line to 'None'
[0.361s] Level 5:colcon.colcon_core.verb:set package 'brain' build argument 'catkin_skip_building_tests' from command line to 'False'
[0.362s] DEBUG:colcon.colcon_core.verb:Building package 'brain' with the following arguments: {'ament_cmake_args': None, 'build_base': '/home/eypan/ros2_ws/build/brain', 'catkin_cmake_args': None, 'catkin_skip_building_tests': False, 'cmake_args': None, 'cmake_clean_cache': False, 'cmake_clean_first': False, 'cmake_force_configure': False, 'cmake_target': None, 'cmake_target_skip_unavailable': False, 'install_base': '/home/eypan/ros2_ws/install/brain', 'merge_install': False, 'path': '/home/eypan/ros2_ws/src/brain', 'symlink_install': False, 'test_result_base': None}
[0.362s] Level 5:colcon.colcon_core.verb:set package 'custom_interfaces' build argument 'cmake_args' from command line to 'None'
[0.362s] Level 5:colcon.colcon_core.verb:set package 'custom_interfaces' build argument 'cmake_target' from command line to 'None'
[0.363s] Level 5:colcon.colcon_core.verb:set package 'custom_interfaces' build argument 'cmake_target_skip_unavailable' from command line to 'False'
[0.363s] Level 5:colcon.colcon_core.verb:set package 'custom_interfaces' build argument 'cmake_clean_cache' from command line to 'False'
[0.363s] Level 5:colcon.colcon_core.verb:set package 'custom_interfaces' build argument 'cmake_clean_first' from command line to 'False'
[0.363s] Level 5:colcon.colcon_core.verb:set package 'custom_interfaces' build argument 'cmake_force_configure' from command line to 'False'
[0.363s] Level 5:colcon.colcon_core.verb:set package 'custom_interfaces' build argument 'ament_cmake_args' from command line to 'None'
[0.363s] Level 5:colcon.colcon_core.verb:set package 'custom_interfaces' build argument 'catkin_cmake_args' from command line to 'None'
[0.363s] Level 5:colcon.colcon_core.verb:set package 'custom_interfaces' build argument 'catkin_skip_building_tests' from command line to 'False'
[0.363s] DEBUG:colcon.colcon_core.verb:Building package 'custom_interfaces' with the following arguments: {'ament_cmake_args': None, 'build_base': '/home/eypan/ros2_ws/build/custom_interfaces', 'catkin_cmake_args': None, 'catkin_skip_building_tests': False, 'cmake_args': None, 'cmake_clean_cache': False, 'cmake_clean_first': False, 'cmake_force_configure': False, 'cmake_target': None, 'cmake_target_skip_unavailable': False, 'install_base': '/home/eypan/ros2_ws/install/custom_interfaces', 'merge_install': False, 'path': '/home/eypan/ros2_ws/src/custom_interfaces', 'symlink_install': False, 'test_result_base': None}
[0.364s] Level 5:colcon.colcon_core.verb:set package 'perception' build argument 'cmake_args' from command line to 'None'
[0.364s] Level 5:colcon.colcon_core.verb:set package 'perception' build argument 'cmake_target' from command line to 'None'
[0.364s] Level 5:colcon.colcon_core.verb:set package 'perception' build argument 'cmake_target_skip_unavailable' from command line to 'False'
[0.364s] Level 5:colcon.colcon_core.verb:set package 'perception' build argument 'cmake_clean_cache' from command line to 'False'
[0.364s] Level 5:colcon.colcon_core.verb:set package 'perception' build argument 'cmake_clean_first' from command line to 'False'
[0.364s] Level 5:colcon.colcon_core.verb:set package 'perception' build argument 'cmake_force_configure' from command line to 'False'
[0.364s] Level 5:colcon.colcon_core.verb:set package 'perception' build argument 'ament_cmake_args' from command line to 'None'
[0.364s] Level 5:colcon.colcon_core.verb:set package 'perception' build argument 'catkin_cmake_args' from command line to 'None'
[0.364s] Level 5:colcon.colcon_core.verb:set package 'perception' build argument 'catkin_skip_building_tests' from command line to 'False'
[0.364s] DEBUG:colcon.colcon_core.verb:Building package 'perception' with the following arguments: {'ament_cmake_args': None, 'build_base': '/home/eypan/ros2_ws/build/perception', 'catkin_cmake_args': None, 'catkin_skip_building_tests': False, 'cmake_args': None, 'cmake_clean_cache': False, 'cmake_clean_first': False, 'cmake_force_configure': False, 'cmake_target': None, 'cmake_target_skip_unavailable': False, 'install_base': '/home/eypan/ros2_ws/install/perception', 'merge_install': False, 'path': '/home/eypan/ros2_ws/src/perception', 'symlink_install': False, 'test_result_base': None}
[0.364s] INFO:colcon.colcon_core.executor:Executing jobs using 'parallel' executor
[0.368s] DEBUG:colcon.colcon_parallel_executor.executor.parallel:run_until_complete
[0.369s] INFO:colcon.colcon_ros.task.ament_python.build:Building ROS package in '/home/eypan/ros2_ws/src/actuation' with build type 'ament_python'
[0.369s] Level 1:colcon.colcon_core.shell:create_environment_hook('actuation', 'ament_prefix_path')
[0.373s] INFO:colcon.colcon_core.plugin_system:Skipping extension 'colcon_core.shell.bat': Not used on non-Windows systems
[0.374s] INFO:colcon.colcon_core.shell:Creating environment hook '/home/eypan/ros2_ws/install/actuation/share/actuation/hook/ament_prefix_path.ps1'
[0.374s] INFO:colcon.colcon_core.shell:Creating environment descriptor '/home/eypan/ros2_ws/install/actuation/share/actuation/hook/ament_prefix_path.dsv'
[0.374s] INFO:colcon.colcon_core.shell:Creating environment hook '/home/eypan/ros2_ws/install/actuation/share/actuation/hook/ament_prefix_path.sh'
[0.376s] INFO:colcon.colcon_core.shell:Skip shell extension 'powershell' for command environment: Not usable outside of PowerShell
[0.377s] DEBUG:colcon.colcon_core.shell:Skip shell extension 'dsv' for command environment
[0.381s] INFO:colcon.colcon_ros.task.ament_python.build:Building ROS package in '/home/eypan/ros2_ws/src/brain' with build type 'ament_python'
[0.381s] Level 1:colcon.colcon_core.shell:create_environment_hook('brain', 'ament_prefix_path')
[0.384s] INFO:colcon.colcon_core.shell:Creating environment hook '/home/eypan/ros2_ws/install/brain/share/brain/hook/ament_prefix_path.ps1'
[0.384s] INFO:colcon.colcon_core.shell:Creating environment descriptor '/home/eypan/ros2_ws/install/brain/share/brain/hook/ament_prefix_path.dsv'
[0.384s] INFO:colcon.colcon_core.shell:Creating environment hook '/home/eypan/ros2_ws/install/brain/share/brain/hook/ament_prefix_path.sh'
[0.386s] INFO:colcon.colcon_core.shell:Skip shell extension 'powershell' for command environment: Not usable outside of PowerShell
[0.386s] DEBUG:colcon.colcon_core.shell:Skip shell extension 'dsv' for command environment
[0.391s] INFO:colcon.colcon_ros.task.ament_cmake.build:Building ROS package in '/home/eypan/ros2_ws/src/custom_interfaces' with build type 'ament_cmake'
[0.391s] INFO:colcon.colcon_cmake.task.cmake.build:Building CMake package in '/home/eypan/ros2_ws/src/custom_interfaces'
[0.392s] INFO:colcon.colcon_core.shell:Skip shell extension 'powershell' for command environment: Not usable outside of PowerShell
[0.392s] DEBUG:colcon.colcon_core.shell:Skip shell extension 'dsv' for command environment
[0.397s] INFO:colcon.colcon_ros.task.ament_python.build:Building ROS package in '/home/eypan/ros2_ws/src/perception' with build type 'ament_python'
[0.397s] Level 1:colcon.colcon_core.shell:create_environment_hook('perception', 'ament_prefix_path')
[0.399s] INFO:colcon.colcon_core.shell:Creating environment hook '/home/eypan/ros2_ws/install/perception/share/perception/hook/ament_prefix_path.ps1'
[0.399s] INFO:colcon.colcon_core.shell:Creating environment descriptor '/home/eypan/ros2_ws/install/perception/share/perception/hook/ament_prefix_path.dsv'
[0.400s] INFO:colcon.colcon_core.shell:Creating environment hook '/home/eypan/ros2_ws/install/perception/share/perception/hook/ament_prefix_path.sh'
[0.402s] INFO:colcon.colcon_core.shell:Skip shell extension 'powershell' for command environment: Not usable outside of PowerShell
[0.402s] DEBUG:colcon.colcon_core.shell:Skip shell extension 'dsv' for command environment
[0.573s] INFO:colcon.colcon_core.task.python.build:Building Python package in '/home/eypan/ros2_ws/src/actuation'
[0.575s] INFO:colcon.colcon_core.shell:Skip shell extension 'powershell' for command environment: Not usable outside of PowerShell
[0.575s] DEBUG:colcon.colcon_core.shell:Skip shell extension 'dsv' for command environment
[0.743s] INFO:colcon.colcon_core.task.python.build:Building Python package in '/home/eypan/ros2_ws/src/brain'
[0.745s] INFO:colcon.colcon_core.shell:Skip shell extension 'powershell' for command environment: Not usable outside of PowerShell
[0.745s] DEBUG:colcon.colcon_core.shell:Skip shell extension 'dsv' for command environment
[0.753s] DEBUG:colcon.colcon_core.event_handler.log_command:Invoking command in '/home/eypan/ros2_ws/build/custom_interfaces': CMAKE_PREFIX_PATH=${CMAKE_PREFIX_PATH}:/home/eypan/install/tutorial_interfaces:/home/eypan/ros2_ws/install/perception:/home/eypan/ros2_ws/install/brain:/opt/ros/humble /usr/bin/cmake --build /home/eypan/ros2_ws/build/custom_interfaces -- -j8 -l8
[0.951s] INFO:colcon.colcon_core.task.python.build:Building Python package in '/home/eypan/ros2_ws/src/perception'
[0.953s] INFO:colcon.colcon_core.shell:Skip shell extension 'powershell' for command environment: Not usable outside of PowerShell
[0.953s] DEBUG:colcon.colcon_core.shell:Skip shell extension 'dsv' for command environment
[1.047s] DEBUG:colcon.colcon_core.event_handler.log_command:Invoked command in '/home/eypan/ros2_ws/build/custom_interfaces' returned '0': CMAKE_PREFIX_PATH=${CMAKE_PREFIX_PATH}:/home/eypan/install/tutorial_interfaces:/home/eypan/ros2_ws/install/perception:/home/eypan/ros2_ws/install/brain:/opt/ros/humble /usr/bin/cmake --build /home/eypan/ros2_ws/build/custom_interfaces -- -j8 -l8
[1.090s] DEBUG:colcon.colcon_core.event_handler.log_command:Invoking command in '/home/eypan/ros2_ws/build/custom_interfaces': CMAKE_PREFIX_PATH=${CMAKE_PREFIX_PATH}:/home/eypan/install/tutorial_interfaces:/home/eypan/ros2_ws/install/perception:/home/eypan/ros2_ws/install/brain:/opt/ros/humble /usr/bin/cmake --install /home/eypan/ros2_ws/build/custom_interfaces
[1.143s] Level 1:colcon.colcon_core.environment:create_environment_scripts_only(custom_interfaces)
[1.144s] DEBUG:colcon.colcon_core.event_handler.log_command:Invoked command in '/home/eypan/ros2_ws/build/custom_interfaces' returned '0': CMAKE_PREFIX_PATH=${CMAKE_PREFIX_PATH}:/home/eypan/install/tutorial_interfaces:/home/eypan/ros2_ws/install/perception:/home/eypan/ros2_ws/install/brain:/opt/ros/humble /usr/bin/cmake --install /home/eypan/ros2_ws/build/custom_interfaces
[1.150s] Level 1:colcon.colcon_core.environment:checking '/home/eypan/ros2_ws/install/custom_interfaces' for CMake module files
[1.150s] Level 1:colcon.colcon_core.environment:checking '/home/eypan/ros2_ws/install/custom_interfaces' for CMake config files
[1.151s] Level 1:colcon.colcon_core.shell:create_environment_hook('custom_interfaces', 'cmake_prefix_path')
[1.153s] INFO:colcon.colcon_core.shell:Creating environment hook '/home/eypan/ros2_ws/install/custom_interfaces/share/custom_interfaces/hook/cmake_prefix_path.ps1'
[1.153s] INFO:colcon.colcon_core.shell:Creating environment descriptor '/home/eypan/ros2_ws/install/custom_interfaces/share/custom_interfaces/hook/cmake_prefix_path.dsv'
[1.154s] INFO:colcon.colcon_core.shell:Creating environment hook '/home/eypan/ros2_ws/install/custom_interfaces/share/custom_interfaces/hook/cmake_prefix_path.sh'
[1.154s] Level 1:colcon.colcon_core.environment:checking '/home/eypan/ros2_ws/install/custom_interfaces/lib'
[1.154s] Level 1:colcon.colcon_core.shell:create_environment_hook('custom_interfaces', 'ld_library_path_lib')
[1.156s] INFO:colcon.colcon_core.shell:Creating environment hook '/home/eypan/ros2_ws/install/custom_interfaces/share/custom_interfaces/hook/ld_library_path_lib.ps1'
[1.156s] INFO:colcon.colcon_core.shell:Creating environment descriptor '/home/eypan/ros2_ws/install/custom_interfaces/share/custom_interfaces/hook/ld_library_path_lib.dsv'
[1.157s] INFO:colcon.colcon_core.shell:Creating environment hook '/home/eypan/ros2_ws/install/custom_interfaces/share/custom_interfaces/hook/ld_library_path_lib.sh'
[1.157s] Level 1:colcon.colcon_core.environment:checking '/home/eypan/ros2_ws/install/custom_interfaces/bin'
[1.157s] Level 1:colcon.colcon_core.environment:checking '/home/eypan/ros2_ws/install/custom_interfaces/lib/pkgconfig/custom_interfaces.pc'
[1.157s] Level 1:colcon.colcon_core.environment:checking '/home/eypan/ros2_ws/install/custom_interfaces/lib/python3.10/site-packages'
[1.157s] Level 1:colcon.colcon_core.environment:checking '/home/eypan/ros2_ws/install/custom_interfaces/bin'
[1.160s] INFO:colcon.colcon_core.shell:Creating package script '/home/eypan/ros2_ws/install/custom_interfaces/share/custom_interfaces/package.ps1'
[1.161s] INFO:colcon.colcon_core.shell:Creating package descriptor '/home/eypan/ros2_ws/install/custom_interfaces/share/custom_interfaces/package.dsv'
[1.161s] INFO:colcon.colcon_core.shell:Creating package script '/home/eypan/ros2_ws/install/custom_interfaces/share/custom_interfaces/package.sh'
[1.162s] INFO:colcon.colcon_core.shell:Creating package script '/home/eypan/ros2_ws/install/custom_interfaces/share/custom_interfaces/package.bash'
[1.163s] INFO:colcon.colcon_core.shell:Creating package script '/home/eypan/ros2_ws/install/custom_interfaces/share/custom_interfaces/package.zsh'
[1.164s] Level 1:colcon.colcon_core.environment:create_file_with_runtime_dependencies(/home/eypan/ros2_ws/install/custom_interfaces/share/colcon-core/packages/custom_interfaces)
[1.207s] Level 1:colcon.colcon_core.environment:create_environment_scripts_only(custom_interfaces)
[1.210s] Level 1:colcon.colcon_core.environment:checking '/home/eypan/ros2_ws/install/custom_interfaces' for CMake module files
[1.210s] Level 1:colcon.colcon_core.environment:checking '/home/eypan/ros2_ws/install/custom_interfaces' for CMake config files
[1.211s] Level 1:colcon.colcon_core.shell:create_environment_hook('custom_interfaces', 'cmake_prefix_path')
[1.213s] INFO:colcon.colcon_core.shell:Creating environment hook '/home/eypan/ros2_ws/install/custom_interfaces/share/custom_interfaces/hook/cmake_prefix_path.ps1'
[1.213s] INFO:colcon.colcon_core.shell:Creating environment descriptor '/home/eypan/ros2_ws/install/custom_interfaces/share/custom_interfaces/hook/cmake_prefix_path.dsv'
[1.214s] INFO:colcon.colcon_core.shell:Creating environment hook '/home/eypan/ros2_ws/install/custom_interfaces/share/custom_interfaces/hook/cmake_prefix_path.sh'
[1.214s] Level 1:colcon.colcon_core.environment:checking '/home/eypan/ros2_ws/install/custom_interfaces/lib'
[1.214s] Level 1:colcon.colcon_core.shell:create_environment_hook('custom_interfaces', 'ld_library_path_lib')
[1.216s] INFO:colcon.colcon_core.shell:Creating environment hook '/home/eypan/ros2_ws/install/custom_interfaces/share/custom_interfaces/hook/ld_library_path_lib.ps1'
[1.216s] INFO:colcon.colcon_core.shell:Creating environment descriptor '/home/eypan/ros2_ws/install/custom_interfaces/share/custom_interfaces/hook/ld_library_path_lib.dsv'
[1.217s] INFO:colcon.colcon_core.shell:Creating environment hook '/home/eypan/ros2_ws/install/custom_interfaces/share/custom_interfaces/hook/ld_library_path_lib.sh'
[1.217s] Level 1:colcon.colcon_core.environment:checking '/home/eypan/ros2_ws/install/custom_interfaces/bin'
[1.217s] Level 1:colcon.colcon_core.environment:checking '/home/eypan/ros2_ws/install/custom_interfaces/lib/pkgconfig/custom_interfaces.pc'
[1.217s] Level 1:colcon.colcon_core.environment:checking '/home/eypan/ros2_ws/install/custom_interfaces/lib/python3.10/site-packages'
[1.217s] Level 1:colcon.colcon_core.environment:checking '/home/eypan/ros2_ws/install/custom_interfaces/bin'
[1.219s] INFO:colcon.colcon_core.shell:Creating package script '/home/eypan/ros2_ws/install/custom_interfaces/share/custom_interfaces/package.ps1'
[1.220s] INFO:colcon.colcon_core.shell:Creating package descriptor '/home/eypan/ros2_ws/install/custom_interfaces/share/custom_interfaces/package.dsv'
[1.220s] INFO:colcon.colcon_core.shell:Creating package script '/home/eypan/ros2_ws/install/custom_interfaces/share/custom_interfaces/package.sh'
[1.220s] INFO:colcon.colcon_core.shell:Creating package script '/home/eypan/ros2_ws/install/custom_interfaces/share/custom_interfaces/package.bash'
[1.221s] INFO:colcon.colcon_core.shell:Creating package script '/home/eypan/ros2_ws/install/custom_interfaces/share/custom_interfaces/package.zsh'
[1.221s] Level 1:colcon.colcon_core.environment:create_file_with_runtime_dependencies(/home/eypan/ros2_ws/install/custom_interfaces/share/colcon-core/packages/custom_interfaces)
[1.249s] DEBUG:colcon.colcon_core.event_handler.log_command:Invoking command in '/home/eypan/ros2_ws/src/actuation': PYTHONPATH=/home/eypan/ros2_ws/build/actuation/prefix_override:/home/eypan/ros2_ws/install/actuation/lib/python3.10/site-packages:${PYTHONPATH} /usr/bin/python3 setup.py egg_info --egg-base ../../build/actuation build --build-base /home/eypan/ros2_ws/build/actuation/build install --record /home/eypan/ros2_ws/build/actuation/install.log --single-version-externally-managed
[1.340s] DEBUG:colcon.colcon_core.event_handler.log_command:Invoking command in '/home/eypan/ros2_ws/src/perception': PYTHONPATH=/home/eypan/ros2_ws/build/perception/prefix_override:/home/eypan/ros2_ws/install/perception/lib/python3.10/site-packages:${PYTHONPATH} /usr/bin/python3 setup.py egg_info --egg-base ../../build/perception build --build-base /home/eypan/ros2_ws/build/perception/build install --record /home/eypan/ros2_ws/build/perception/install.log --single-version-externally-managed
[1.341s] DEBUG:colcon.colcon_core.event_handler.log_command:Invoking command in '/home/eypan/ros2_ws/src/brain': PYTHONPATH=/home/eypan/ros2_ws/build/brain/prefix_override:/home/eypan/ros2_ws/install/brain/lib/python3.10/site-packages:${PYTHONPATH} /usr/bin/python3 setup.py egg_info --egg-base ../../build/brain build --build-base /home/eypan/ros2_ws/build/brain/build install --record /home/eypan/ros2_ws/build/brain/install.log --single-version-externally-managed
[1.456s] Level 1:colcon.colcon_core.environment:checking '/home/eypan/ros2_ws/install/actuation' for CMake module files
[1.456s] DEBUG:colcon.colcon_core.event_handler.log_command:Invoked command in '/home/eypan/ros2_ws/src/actuation' returned '0': PYTHONPATH=/home/eypan/ros2_ws/build/actuation/prefix_override:/home/eypan/ros2_ws/install/actuation/lib/python3.10/site-packages:${PYTHONPATH} /usr/bin/python3 setup.py egg_info --egg-base ../../build/actuation build --build-base /home/eypan/ros2_ws/build/actuation/build install --record /home/eypan/ros2_ws/build/actuation/install.log --single-version-externally-managed
[1.457s] Level 1:colcon.colcon_core.environment:checking '/home/eypan/ros2_ws/install/actuation' for CMake config files
[1.457s] Level 1:colcon.colcon_core.environment:checking '/home/eypan/ros2_ws/install/actuation/lib'
[1.457s] Level 1:colcon.colcon_core.environment:checking '/home/eypan/ros2_ws/install/actuation/bin'
[1.457s] Level 1:colcon.colcon_core.environment:checking '/home/eypan/ros2_ws/install/actuation/lib/pkgconfig/actuation.pc'
[1.457s] Level 1:colcon.colcon_core.environment:checking '/home/eypan/ros2_ws/install/actuation/lib/python3.10/site-packages'
[1.457s] Level 1:colcon.colcon_core.shell:create_environment_hook('actuation', 'pythonpath')
[1.460s] INFO:colcon.colcon_core.shell:Creating environment hook '/home/eypan/ros2_ws/install/actuation/share/actuation/hook/pythonpath.ps1'
[1.460s] INFO:colcon.colcon_core.shell:Creating environment descriptor '/home/eypan/ros2_ws/install/actuation/share/actuation/hook/pythonpath.dsv'
[1.460s] INFO:colcon.colcon_core.shell:Creating environment hook '/home/eypan/ros2_ws/install/actuation/share/actuation/hook/pythonpath.sh'
[1.460s] Level 1:colcon.colcon_core.environment:checking '/home/eypan/ros2_ws/install/actuation/bin'
[1.460s] Level 1:colcon.colcon_core.environment:create_environment_scripts_only(actuation)
[1.462s] INFO:colcon.colcon_core.shell:Creating package script '/home/eypan/ros2_ws/install/actuation/share/actuation/package.ps1'
[1.463s] INFO:colcon.colcon_core.shell:Creating package descriptor '/home/eypan/ros2_ws/install/actuation/share/actuation/package.dsv'
[1.463s] INFO:colcon.colcon_core.shell:Creating package script '/home/eypan/ros2_ws/install/actuation/share/actuation/package.sh'
[1.463s] INFO:colcon.colcon_core.shell:Creating package script '/home/eypan/ros2_ws/install/actuation/share/actuation/package.bash'
[1.463s] INFO:colcon.colcon_core.shell:Creating package script '/home/eypan/ros2_ws/install/actuation/share/actuation/package.zsh'
[1.463s] Level 1:colcon.colcon_core.environment:create_file_with_runtime_dependencies(/home/eypan/ros2_ws/install/actuation/share/colcon-core/packages/actuation)
[1.552s] Level 1:colcon.colcon_core.environment:checking '/home/eypan/ros2_ws/install/perception' for CMake module files
[1.552s] DEBUG:colcon.colcon_core.event_handler.log_command:Invoked command in '/home/eypan/ros2_ws/src/perception' returned '0': PYTHONPATH=/home/eypan/ros2_ws/build/perception/prefix_override:/home/eypan/ros2_ws/install/perception/lib/python3.10/site-packages:${PYTHONPATH} /usr/bin/python3 setup.py egg_info --egg-base ../../build/perception build --build-base /home/eypan/ros2_ws/build/perception/build install --record /home/eypan/ros2_ws/build/perception/install.log --single-version-externally-managed
[1.552s] Level 1:colcon.colcon_core.environment:checking '/home/eypan/ros2_ws/install/perception' for CMake config files
[1.553s] Level 1:colcon.colcon_core.environment:checking '/home/eypan/ros2_ws/install/perception/lib'
[1.553s] Level 1:colcon.colcon_core.environment:checking '/home/eypan/ros2_ws/install/perception/bin'
[1.553s] Level 1:colcon.colcon_core.environment:checking '/home/eypan/ros2_ws/install/perception/lib/pkgconfig/perception.pc'
[1.553s] Level 1:colcon.colcon_core.environment:checking '/home/eypan/ros2_ws/install/perception/lib/python3.10/site-packages'
[1.553s] Level 1:colcon.colcon_core.shell:create_environment_hook('perception', 'pythonpath')
[1.555s] INFO:colcon.colcon_core.shell:Creating environment hook '/home/eypan/ros2_ws/install/perception/share/perception/hook/pythonpath.ps1'
[1.556s] INFO:colcon.colcon_core.shell:Creating environment descriptor '/home/eypan/ros2_ws/install/perception/share/perception/hook/pythonpath.dsv'
[1.556s] INFO:colcon.colcon_core.shell:Creating environment hook '/home/eypan/ros2_ws/install/perception/share/perception/hook/pythonpath.sh'
[1.556s] Level 1:colcon.colcon_core.environment:checking '/home/eypan/ros2_ws/install/perception/bin'
[1.556s] Level 1:colcon.colcon_core.environment:create_environment_scripts_only(perception)
[1.558s] INFO:colcon.colcon_core.shell:Creating package script '/home/eypan/ros2_ws/install/perception/share/perception/package.ps1'
[1.559s] INFO:colcon.colcon_core.shell:Creating package descriptor '/home/eypan/ros2_ws/install/perception/share/perception/package.dsv'
[1.559s] INFO:colcon.colcon_core.shell:Creating package script '/home/eypan/ros2_ws/install/perception/share/perception/package.sh'
[1.559s] INFO:colcon.colcon_core.shell:Creating package script '/home/eypan/ros2_ws/install/perception/share/perception/package.bash'
[1.559s] INFO:colcon.colcon_core.shell:Creating package script '/home/eypan/ros2_ws/install/perception/share/perception/package.zsh'
[1.559s] Level 1:colcon.colcon_core.environment:create_file_with_runtime_dependencies(/home/eypan/ros2_ws/install/perception/share/colcon-core/packages/perception)
[1.562s] Level 1:colcon.colcon_core.environment:checking '/home/eypan/ros2_ws/install/brain' for CMake module files
[1.563s] Level 1:colcon.colcon_core.environment:checking '/home/eypan/ros2_ws/install/brain' for CMake config files
[1.563s] DEBUG:colcon.colcon_core.event_handler.log_command:Invoked command in '/home/eypan/ros2_ws/src/brain' returned '0': PYTHONPATH=/home/eypan/ros2_ws/build/brain/prefix_override:/home/eypan/ros2_ws/install/brain/lib/python3.10/site-packages:${PYTHONPATH} /usr/bin/python3 setup.py egg_info --egg-base ../../build/brain build --build-base /home/eypan/ros2_ws/build/brain/build install --record /home/eypan/ros2_ws/build/brain/install.log --single-version-externally-managed
[1.563s] Level 1:colcon.colcon_core.environment:checking '/home/eypan/ros2_ws/install/brain/lib'
[1.563s] Level 1:colcon.colcon_core.environment:checking '/home/eypan/ros2_ws/install/brain/bin'
[1.563s] Level 1:colcon.colcon_core.environment:checking '/home/eypan/ros2_ws/install/brain/lib/pkgconfig/brain.pc'
[1.564s] Level 1:colcon.colcon_core.environment:checking '/home/eypan/ros2_ws/install/brain/lib/python3.10/site-packages'
[1.564s] Level 1:colcon.colcon_core.shell:create_environment_hook('brain', 'pythonpath')
[1.566s] INFO:colcon.colcon_core.shell:Creating environment hook '/home/eypan/ros2_ws/install/brain/share/brain/hook/pythonpath.ps1'
[1.566s] INFO:colcon.colcon_core.shell:Creating environment descriptor '/home/eypan/ros2_ws/install/brain/share/brain/hook/pythonpath.dsv'
[1.566s] INFO:colcon.colcon_core.shell:Creating environment hook '/home/eypan/ros2_ws/install/brain/share/brain/hook/pythonpath.sh'
[1.566s] Level 1:colcon.colcon_core.environment:checking '/home/eypan/ros2_ws/install/brain/bin'
[1.566s] Level 1:colcon.colcon_core.environment:create_environment_scripts_only(brain)
[1.568s] INFO:colcon.colcon_core.shell:Creating package script '/home/eypan/ros2_ws/install/brain/share/brain/package.ps1'
[1.569s] INFO:colcon.colcon_core.shell:Creating package descriptor '/home/eypan/ros2_ws/install/brain/share/brain/package.dsv'
[1.569s] INFO:colcon.colcon_core.shell:Creating package script '/home/eypan/ros2_ws/install/brain/share/brain/package.sh'
[1.569s] INFO:colcon.colcon_core.shell:Creating package script '/home/eypan/ros2_ws/install/brain/share/brain/package.bash'
[1.569s] INFO:colcon.colcon_core.shell:Creating package script '/home/eypan/ros2_ws/install/brain/share/brain/package.zsh'
[1.569s] Level 1:colcon.colcon_core.environment:create_file_with_runtime_dependencies(/home/eypan/ros2_ws/install/brain/share/colcon-core/packages/brain)
[1.569s] DEBUG:colcon.colcon_parallel_executor.executor.parallel:closing loop
[1.570s] DEBUG:colcon.colcon_parallel_executor.executor.parallel:loop closed
[1.570s] DEBUG:colcon.colcon_parallel_executor.executor.parallel:run_until_complete finished with '0'
[1.570s] DEBUG:colcon.colcon_core.event_reactor:joining thread
[1.574s] INFO:colcon.colcon_core.plugin_system:Skipping extension 'colcon_notification.desktop_notification.terminal_notifier': Not used on non-Darwin systems
[1.574s] INFO:colcon.colcon_core.plugin_system:Skipping extension 'colcon_notification.desktop_notification.win32': Not used on non-Windows systems
[1.574s] INFO:colcon.colcon_notification.desktop_notification:Sending desktop notification using 'notify2'
[1.584s] DEBUG:colcon.colcon_core.event_reactor:joined thread
[1.586s] INFO:colcon.colcon_core.shell:Creating prefix script '/home/eypan/ros2_ws/install/local_setup.ps1'
[1.587s] INFO:colcon.colcon_core.shell:Creating prefix util module '/home/eypan/ros2_ws/install/_local_setup_util_ps1.py'
[1.588s] INFO:colcon.colcon_core.shell:Creating prefix chain script '/home/eypan/ros2_ws/install/setup.ps1'
[1.589s] INFO:colcon.colcon_core.shell:Creating prefix script '/home/eypan/ros2_ws/install/local_setup.sh'
[1.590s] INFO:colcon.colcon_core.shell:Creating prefix util module '/home/eypan/ros2_ws/install/_local_setup_util_sh.py'
[1.590s] INFO:colcon.colcon_core.shell:Creating prefix chain script '/home/eypan/ros2_ws/install/setup.sh'
[1.591s] INFO:colcon.colcon_core.shell:Creating prefix script '/home/eypan/ros2_ws/install/local_setup.bash'
[1.592s] INFO:colcon.colcon_core.shell:Creating prefix chain script '/home/eypan/ros2_ws/install/setup.bash'
[1.593s] INFO:colcon.colcon_core.shell:Creating prefix script '/home/eypan/ros2_ws/install/local_setup.zsh'
[1.593s] INFO:colcon.colcon_core.shell:Creating prefix chain script '/home/eypan/ros2_ws/install/setup.zsh'
