[0.592s] Invoking command in '/home/eypan/ros2_ws/src/perception': PYTHONPATH=/home/eypan/ros2_ws/build/perception/prefix_override:/home/eypan/ros2_ws/install/perception/lib/python3.10/site-packages:${PYTHONPATH} /usr/bin/python3 setup.py egg_info --egg-base ../../build/perception build --build-base /home/eypan/ros2_ws/build/perception/build install --record /home/eypan/ros2_ws/build/perception/install.log --single-version-externally-managed
[0.751s] running egg_info
[0.751s] creating ../../build/perception/perception.egg-info
[0.751s] writing ../../build/perception/perception.egg-info/PKG-INFO
[0.752s] writing dependency_links to ../../build/perception/perception.egg-info/dependency_links.txt
[0.752s] writing entry points to ../../build/perception/perception.egg-info/entry_points.txt
[0.752s] writing requirements to ../../build/perception/perception.egg-info/requires.txt
[0.752s] writing top-level names to ../../build/perception/perception.egg-info/top_level.txt
[0.752s] writing manifest file '../../build/perception/perception.egg-info/SOURCES.txt'
[0.753s] reading manifest file '../../build/perception/perception.egg-info/SOURCES.txt'
[0.754s] writing manifest file '../../build/perception/perception.egg-info/SOURCES.txt'
[0.754s] running build
[0.754s] running build_py
[0.754s] creating /home/eypan/ros2_ws/build/perception/build
[0.754s] creating /home/eypan/ros2_ws/build/perception/build/lib
[0.754s] creating /home/eypan/ros2_ws/build/perception/build/lib/perception
[0.754s] copying perception/perception_node.py -> /home/eypan/ros2_ws/build/perception/build/lib/perception
[0.754s] copying perception/__init__.py -> /home/eypan/ros2_ws/build/perception/build/lib/perception
[0.754s] running install
[0.754s] running install_lib
[0.755s] creating /home/eypan/ros2_ws/install/perception/lib/python3.10/site-packages/perception
[0.755s] copying /home/eypan/ros2_ws/build/perception/build/lib/perception/perception_node.py -> /home/eypan/ros2_ws/install/perception/lib/python3.10/site-packages/perception
[0.755s] copying /home/eypan/ros2_ws/build/perception/build/lib/perception/__init__.py -> /home/eypan/ros2_ws/install/perception/lib/python3.10/site-packages/perception
[0.755s] byte-compiling /home/eypan/ros2_ws/install/perception/lib/python3.10/site-packages/perception/perception_node.py to perception_node.cpython-310.pyc
[0.756s] byte-compiling /home/eypan/ros2_ws/install/perception/lib/python3.10/site-packages/perception/__init__.py to __init__.cpython-310.pyc
[0.756s] running install_data
[0.756s] creating /home/eypan/ros2_ws/install/perception/share/ament_index
[0.756s] creating /home/eypan/ros2_ws/install/perception/share/ament_index/resource_index
[0.756s] creating /home/eypan/ros2_ws/install/perception/share/ament_index/resource_index/packages
[0.756s] copying resource/perception -> /home/eypan/ros2_ws/install/perception/share/ament_index/resource_index/packages
[0.756s] copying package.xml -> /home/eypan/ros2_ws/install/perception/share/perception
[0.756s] running install_egg_info
[0.757s] Copying ../../build/perception/perception.egg-info to /home/eypan/ros2_ws/install/perception/lib/python3.10/site-packages/perception-0.0.0-py3.10.egg-info
[0.758s] running install_scripts
[0.772s] Installing perception script to /home/eypan/ros2_ws/install/perception/lib/perception
[0.772s] writing list of installed files to '/home/eypan/ros2_ws/build/perception/install.log'
[0.794s] Invoked command in '/home/eypan/ros2_ws/src/perception' returned '0': PYTHONPATH=/home/eypan/ros2_ws/build/perception/prefix_override:/home/eypan/ros2_ws/install/perception/lib/python3.10/site-packages:${PYTHONPATH} /usr/bin/python3 setup.py egg_info --egg-base ../../build/perception build --build-base /home/eypan/ros2_ws/build/perception/build install --record /home/eypan/ros2_ws/build/perception/install.log --single-version-externally-managed
