[0.880s] Invoking command in '/home/eypan/ros2_ws/src/actuation': PYTHONPATH=/home/eypan/ros2_ws/build/actuation/prefix_override:/home/eypan/ros2_ws/install/actuation/lib/python3.10/site-packages:${PYTHONPATH} /usr/bin/python3 setup.py egg_info --egg-base ../../build/actuation build --build-base /home/eypan/ros2_ws/build/actuation/build install --record /home/eypan/ros2_ws/build/actuation/install.log --single-version-externally-managed
[1.045s] running egg_info
[1.045s] creating ../../build/actuation/actuation.egg-info
[1.045s] writing ../../build/actuation/actuation.egg-info/PKG-INFO
[1.045s] writing dependency_links to ../../build/actuation/actuation.egg-info/dependency_links.txt
[1.045s] writing entry points to ../../build/actuation/actuation.egg-info/entry_points.txt
[1.045s] writing requirements to ../../build/actuation/actuation.egg-info/requires.txt
[1.046s] writing top-level names to ../../build/actuation/actuation.egg-info/top_level.txt
[1.046s] writing manifest file '../../build/actuation/actuation.egg-info/SOURCES.txt'
[1.047s] reading manifest file '../../build/actuation/actuation.egg-info/SOURCES.txt'
[1.047s] writing manifest file '../../build/actuation/actuation.egg-info/SOURCES.txt'
[1.047s] running build
[1.047s] running build_py
[1.047s] creating /home/eypan/ros2_ws/build/actuation/build
[1.048s] creating /home/eypan/ros2_ws/build/actuation/build/lib
[1.048s] creating /home/eypan/ros2_ws/build/actuation/build/lib/actuation
[1.048s] copying actuation/__init__.py -> /home/eypan/ros2_ws/build/actuation/build/lib/actuation
[1.048s] copying actuation/actuation_node.py -> /home/eypan/ros2_ws/build/actuation/build/lib/actuation
[1.048s] running install
[1.048s] running install_lib
[1.048s] creating /home/eypan/ros2_ws/install/actuation/lib/python3.10/site-packages/actuation
[1.048s] copying /home/eypan/ros2_ws/build/actuation/build/lib/actuation/__init__.py -> /home/eypan/ros2_ws/install/actuation/lib/python3.10/site-packages/actuation
[1.048s] copying /home/eypan/ros2_ws/build/actuation/build/lib/actuation/actuation_node.py -> /home/eypan/ros2_ws/install/actuation/lib/python3.10/site-packages/actuation
[1.049s] byte-compiling /home/eypan/ros2_ws/install/actuation/lib/python3.10/site-packages/actuation/__init__.py to __init__.cpython-310.pyc
[1.049s] byte-compiling /home/eypan/ros2_ws/install/actuation/lib/python3.10/site-packages/actuation/actuation_node.py to actuation_node.cpython-310.pyc
[1.049s] running install_data
[1.050s] creating /home/eypan/ros2_ws/install/actuation/share/ament_index
[1.050s] creating /home/eypan/ros2_ws/install/actuation/share/ament_index/resource_index
[1.050s] creating /home/eypan/ros2_ws/install/actuation/share/ament_index/resource_index/packages
[1.050s] copying resource/actuation -> /home/eypan/ros2_ws/install/actuation/share/ament_index/resource_index/packages
[1.050s] copying package.xml -> /home/eypan/ros2_ws/install/actuation/share/actuation
[1.050s] running install_egg_info
[1.051s] Copying ../../build/actuation/actuation.egg-info to /home/eypan/ros2_ws/install/actuation/lib/python3.10/site-packages/actuation-0.0.0-py3.10.egg-info
[1.051s] running install_scripts
[1.065s] Installing actuation script to /home/eypan/ros2_ws/install/actuation/lib/actuation
[1.065s] writing list of installed files to '/home/eypan/ros2_ws/build/actuation/install.log'
[1.087s] Invoked command in '/home/eypan/ros2_ws/src/actuation' returned '0': PYTHONPATH=/home/eypan/ros2_ws/build/actuation/prefix_override:/home/eypan/ros2_ws/install/actuation/lib/python3.10/site-packages:${PYTHONPATH} /usr/bin/python3 setup.py egg_info --egg-base ../../build/actuation build --build-base /home/eypan/ros2_ws/build/actuation/build install --record /home/eypan/ros2_ws/build/actuation/install.log --single-version-externally-managed
