[0.826s] Invoking command in '/home/eypan/ros2_ws/src/perception': PYTHONPATH=/home/eypan/ros2_ws/build/perception/prefix_override:/home/eypan/ros2_ws/install/perception/lib/python3.10/site-packages:${PYTHONPATH} /usr/bin/python3 setup.py egg_info --egg-base ../../build/perception build --build-base /home/eypan/ros2_ws/build/perception/build install --record /home/eypan/ros2_ws/build/perception/install.log --single-version-externally-managed
[0.988s] running egg_info
[0.989s] writing ../../build/perception/perception.egg-info/PKG-INFO
[0.989s] writing dependency_links to ../../build/perception/perception.egg-info/dependency_links.txt
[0.989s] writing entry points to ../../build/perception/perception.egg-info/entry_points.txt
[0.989s] writing requirements to ../../build/perception/perception.egg-info/requires.txt
[0.989s] writing top-level names to ../../build/perception/perception.egg-info/top_level.txt
[0.991s] reading manifest file '../../build/perception/perception.egg-info/SOURCES.txt'
[0.991s] writing manifest file '../../build/perception/perception.egg-info/SOURCES.txt'
[0.991s] running build
[0.991s] running build_py
[0.991s] running install
[0.992s] running install_lib
[0.993s] running install_data
[0.993s] running install_egg_info
[0.994s] removing '/home/eypan/ros2_ws/install/perception/lib/python3.10/site-packages/perception-0.0.0-py3.10.egg-info' (and everything under it)
[0.994s] Copying ../../build/perception/perception.egg-info to /home/eypan/ros2_ws/install/perception/lib/python3.10/site-packages/perception-0.0.0-py3.10.egg-info
[0.995s] running install_scripts
[1.010s] Installing perception script to /home/eypan/ros2_ws/install/perception/lib/perception
[1.010s] writing list of installed files to '/home/eypan/ros2_ws/build/perception/install.log'
[1.043s] Invoked command in '/home/eypan/ros2_ws/src/perception' returned '0': PYTHONPATH=/home/eypan/ros2_ws/build/perception/prefix_override:/home/eypan/ros2_ws/install/perception/lib/python3.10/site-packages:${PYTHONPATH} /usr/bin/python3 setup.py egg_info --egg-base ../../build/perception build --build-base /home/eypan/ros2_ws/build/perception/build install --record /home/eypan/ros2_ws/build/perception/install.log --single-version-externally-managed
