[0.627s] Invoking command in '/home/eypan/ros2_ws/src/brain': PYTHONPATH=/home/eypan/ros2_ws/build/brain/prefix_override:/home/eypan/ros2_ws/install/brain/lib/python3.10/site-packages:${PYTHONPATH} /usr/bin/python3 setup.py egg_info --egg-base ../../build/brain build --build-base /home/eypan/ros2_ws/build/brain/build install --record /home/eypan/ros2_ws/build/brain/install.log --single-version-externally-managed
[0.802s] running egg_info
[0.802s] creating ../../build/brain/brain.egg-info
[0.802s] writing ../../build/brain/brain.egg-info/PKG-INFO
[0.802s] writing dependency_links to ../../build/brain/brain.egg-info/dependency_links.txt
[0.802s] writing entry points to ../../build/brain/brain.egg-info/entry_points.txt
[0.802s] writing requirements to ../../build/brain/brain.egg-info/requires.txt
[0.802s] writing top-level names to ../../build/brain/brain.egg-info/top_level.txt
[0.802s] writing manifest file '../../build/brain/brain.egg-info/SOURCES.txt'
[0.804s] reading manifest file '../../build/brain/brain.egg-info/SOURCES.txt'
[0.804s] writing manifest file '../../build/brain/brain.egg-info/SOURCES.txt'
[0.805s] running build
[0.805s] running build_py
[0.805s] creating /home/eypan/ros2_ws/build/brain/build
[0.805s] creating /home/eypan/ros2_ws/build/brain/build/lib
[0.805s] creating /home/eypan/ros2_ws/build/brain/build/lib/brain
[0.805s] copying brain/__init__.py -> /home/eypan/ros2_ws/build/brain/build/lib/brain
[0.805s] copying brain/brain_node.py -> /home/eypan/ros2_ws/build/brain/build/lib/brain
[0.805s] running install
[0.805s] running install_lib
[0.806s] creating /home/eypan/ros2_ws/install/brain/lib/python3.10/site-packages/brain
[0.806s] copying /home/eypan/ros2_ws/build/brain/build/lib/brain/__init__.py -> /home/eypan/ros2_ws/install/brain/lib/python3.10/site-packages/brain
[0.806s] copying /home/eypan/ros2_ws/build/brain/build/lib/brain/brain_node.py -> /home/eypan/ros2_ws/install/brain/lib/python3.10/site-packages/brain
[0.806s] byte-compiling /home/eypan/ros2_ws/install/brain/lib/python3.10/site-packages/brain/__init__.py to __init__.cpython-310.pyc
[0.806s] byte-compiling /home/eypan/ros2_ws/install/brain/lib/python3.10/site-packages/brain/brain_node.py to brain_node.cpython-310.pyc
[0.807s] running install_data
[0.807s] creating /home/eypan/ros2_ws/install/brain/share/ament_index
[0.807s] creating /home/eypan/ros2_ws/install/brain/share/ament_index/resource_index
[0.807s] creating /home/eypan/ros2_ws/install/brain/share/ament_index/resource_index/packages
[0.807s] copying resource/brain -> /home/eypan/ros2_ws/install/brain/share/ament_index/resource_index/packages
[0.807s] copying package.xml -> /home/eypan/ros2_ws/install/brain/share/brain
[0.807s] running install_egg_info
[0.809s] Copying ../../build/brain/brain.egg-info to /home/eypan/ros2_ws/install/brain/lib/python3.10/site-packages/brain-0.0.0-py3.10.egg-info
[0.809s] running install_scripts
[0.829s] Installing brain script to /home/eypan/ros2_ws/install/brain/lib/brain
[0.829s] writing list of installed files to '/home/eypan/ros2_ws/build/brain/install.log'
[0.854s] Invoked command in '/home/eypan/ros2_ws/src/brain' returned '0': PYTHONPATH=/home/eypan/ros2_ws/build/brain/prefix_override:/home/eypan/ros2_ws/install/brain/lib/python3.10/site-packages:${PYTHONPATH} /usr/bin/python3 setup.py egg_info --egg-base ../../build/brain build --build-base /home/eypan/ros2_ws/build/brain/build install --record /home/eypan/ros2_ws/build/brain/install.log --single-version-externally-managed
